27/2/2026, 10:10:30 [info]: Server running on port 5001
27/2/2026, 10:10:31 [info]: Conexión exitosa a la base de datos MySQL
27/2/2026, 10:11:28 [info]: Received request for /api/guias-sin-facturar
27/2/2026, 10:11:28 [info]: Received request for /api/facturas-sin-cobrar
27/2/2026, 10:11:29 [info]: Received request for /api/obtenertipocambio
27/2/2026, 10:11:32 [info]: ✔ Cotizaciones generales: {
  "procesoCargarCotizacionesBcuResultado": {
    "resultado": "1",
    "descripcion": "Cotizaciones ingresadas correctamente",
    "datos": ""
  }
}
27/2/2026, 10:11:32 [info]: 💲 Cotización moneda 2: {
  "obtenerCotizacionResultado": {
    "resultado": "1",
    "descripcion": "Se encontro la cotización con los criterios indicados",
    "datos": {
      "cotizacion": "38.436"
    }
  }
}
27/2/2026, 10:11:32 [info]: Received request for /api/agregartipocambio
27/2/2026, 10:33:44 [info]: Received request for /api/previewguias
27/2/2026, 10:33:44 [info]: Received request for /api/previewguiasexpo
27/2/2026, 10:37:43 [info]: Received request for /api/previewguias
27/2/2026, 10:37:43 [info]: Received request for /api/previewguiasexpo
27/2/2026, 10:38:06 [info]: Received request for /api/previewguias
27/2/2026, 10:38:06 [info]: Received request for /api/previewguiasexpo
27/2/2026, 10:38:35 [info]: Received request for /api/previewguias
27/2/2026, 10:38:35 [info]: Received request for /api/previewguiasexpo
27/2/2026, 10:38:41 [info]: Received request for /api/previewguias
27/2/2026, 10:38:42 [info]: Received request for /api/previewguiasexpo
27/2/2026, 10:39:57 [info]: Received request for /api/previewguias
27/2/2026, 10:39:57 [info]: Received request for /api/previewguiasexpo
27/2/2026, 10:40:04 [info]: Received request for /api/previewguias
27/2/2026, 10:40:04 [info]: Received request for /api/previewguiasexpo
27/2/2026, 10:40:59 [info]: Received request for /api/previewguias
27/2/2026, 10:40:59 [info]: Received request for /api/previewguiasexpo
27/2/2026, 10:41:10 [info]: Received request for /api/previewguias
27/2/2026, 10:41:10 [info]: Received request for /api/previewguiasexpo
27/2/2026, 10:41:55 [info]: Received request for /api/previewguias
27/2/2026, 10:41:55 [info]: Received request for /api/previewguiasexpo
27/2/2026, 10:41:56 [info]: Received request for /api/previewguias
27/2/2026, 10:41:56 [info]: Received request for /api/previewguiasexpo
27/2/2026, 10:42:38 [info]: Received request for /api/previewguias
27/2/2026, 10:42:38 [info]: Received request for /api/previewguiasexpo
27/2/2026, 10:42:49 [info]: Received request for /api/previewguias
27/2/2026, 10:42:50 [info]: Received request for /api/previewguiasexpo
27/2/2026, 11:10:26 [info]: Received request for /api/previewguias
27/2/2026, 11:10:26 [info]: Received request for /api/previewguiasexpo
27/2/2026, 11:10:57 [info]: Received request for /api/previewguias
27/2/2026, 11:10:57 [info]: Received request for /api/previewguiasexpo
27/2/2026, 11:17:30 [info]: Received request for /api/previewguias
27/2/2026, 11:17:30 [info]: Received request for /api/previewguiasexpo
27/2/2026, 11:17:58 [info]: Received request for /api/previewguias
27/2/2026, 11:17:58 [info]: Received request for /api/previewguiasexpo
27/2/2026, 11:18:06 [info]: Received request for /api/previewguias
27/2/2026, 11:18:06 [info]: Received request for /api/previewguiasexpo
27/2/2026, 11:18:20 [info]: Received request for /api/previewguias
27/2/2026, 11:18:20 [info]: Received request for /api/previewguiasexpo
27/2/2026, 11:19:55 [info]: Received request for /api/previewguias
27/2/2026, 11:19:55 [info]: Received request for /api/previewguiasexpo
27/2/2026, 11:30:13 [info]: Server running on port 5001
27/2/2026, 11:30:13 [info]: Conexión exitosa a la base de datos MySQL
27/2/2026, 11:31:20 [info]: Received request for /api/previewguias
27/2/2026, 11:31:20 [info]: Received request for /api/previewguiasexpo
27/2/2026, 11:31:21 [info]: Received request for /api/previewguias
27/2/2026, 11:31:21 [info]: Received request for /api/previewguiasexpo
27/2/2026, 11:31:22 [info]: Received request for /api/obtener-recibo-por-factura
27/2/2026, 11:31:24 [info]: Received request for /api/obtener-recibo-por-factura
27/2/2026, 11:31:26 [info]: Received request for /api/obtener-recibo-por-factura
27/2/2026, 11:31:28 [info]: Received request for /api/obtener-recibo-por-factura
27/2/2026, 11:31:32 [info]: Received request for /api/obtener-recibo-por-factura
27/2/2026, 11:31:35 [info]: Received request for /api/obtener-recibo-por-factura
27/2/2026, 11:33:31 [info]: Received request for /api/previewguias
27/2/2026, 11:33:31 [info]: Received request for /api/previewguiasexpo
27/2/2026, 11:33:38 [info]: Received request for /api/previewguias
27/2/2026, 11:33:38 [info]: Received request for /api/previewguiasexpo
27/2/2026, 11:33:39 [info]: Received request for /api/previewguias
27/2/2026, 11:33:39 [info]: Received request for /api/previewguiasexpo
27/2/2026, 11:33:40 [info]: Received request for /api/obtener-recibo-por-factura
27/2/2026, 11:33:41 [info]: Received request for /api/obtener-recibo-por-factura
27/2/2026, 11:33:41 [info]: Received request for /api/obtener-recibo-por-factura
27/2/2026, 11:33:41 [info]: Received request for /api/obtener-recibo-por-factura
27/2/2026, 11:33:42 [info]: Received request for /api/obtener-recibo-por-factura
27/2/2026, 11:33:43 [info]: Received request for /api/obtener-recibo-por-factura
27/2/2026, 11:33:43 [info]: Received request for /api/obtener-recibo-por-factura
27/2/2026, 11:33:43 [info]: Received request for /api/obtener-recibo-por-factura
27/2/2026, 11:33:44 [info]: Received request for /api/obtener-recibo-por-factura
27/2/2026, 11:33:59 [info]: Received request for /api/obtener-recibo-por-factura
27/2/2026, 11:33:59 [info]: Received request for /api/obtener-recibo-por-factura
27/2/2026, 11:34:01 [info]: Received request for /api/obtener-recibo-por-factura
27/2/2026, 11:34:01 [info]: Received request for /api/obtener-recibo-por-factura
27/2/2026, 11:34:01 [info]: Received request for /api/obtener-recibo-por-factura
27/2/2026, 11:34:02 [info]: Received request for /api/obtener-recibo-por-factura
27/2/2026, 11:34:02 [info]: Received request for /api/obtener-recibo-por-factura
27/2/2026, 11:34:03 [info]: Received request for /api/obtener-recibo-por-factura
27/2/2026, 11:34:04 [info]: Received request for /api/obtener-recibo-por-factura
27/2/2026, 11:34:05 [info]: Received request for /api/obtener-recibo-por-factura
27/2/2026, 11:34:31 [info]: Received request for /api/previewguias
27/2/2026, 11:34:31 [info]: Received request for /api/previewguiasexpo
27/2/2026, 11:34:35 [info]: Received request for /api/obtener-recibo-por-factura
27/2/2026, 11:34:35 [info]: Received request for /api/obtener-recibo-por-factura
27/2/2026, 11:34:36 [info]: Received request for /api/obtener-recibo-por-factura
27/2/2026, 11:34:36 [info]: Received request for /api/obtener-recibo-por-factura
27/2/2026, 11:34:36 [info]: Received request for /api/obtener-recibo-por-factura
27/2/2026, 11:34:36 [info]: Received request for /api/obtener-recibo-por-factura
27/2/2026, 11:34:36 [info]: Received request for /api/obtener-recibo-por-factura
27/2/2026, 11:34:36 [info]: Received request for /api/obtener-recibo-por-factura
27/2/2026, 11:34:37 [info]: Received request for /api/obtener-recibo-por-factura
27/2/2026, 11:34:37 [info]: Received request for /api/obtener-recibo-por-factura
27/2/2026, 11:34:37 [info]: Received request for /api/obtener-recibo-por-factura
27/2/2026, 11:34:37 [info]: Received request for /api/obtener-recibo-por-factura
27/2/2026, 11:34:37 [info]: Received request for /api/obtener-recibo-por-factura
27/2/2026, 11:34:37 [info]: Received request for /api/obtener-recibo-por-factura
27/2/2026, 11:34:39 [info]: Received request for /api/obtener-recibo-por-factura
27/2/2026, 11:34:39 [info]: Received request for /api/obtener-recibo-por-factura
27/2/2026, 11:34:40 [info]: Received request for /api/obtener-recibo-por-factura
27/2/2026, 11:34:40 [info]: Received request for /api/obtener-recibo-por-factura
27/2/2026, 11:34:40 [info]: Received request for /api/obtener-recibo-por-factura
27/2/2026, 11:35:47 [info]: Received request for /api/previewguias
27/2/2026, 11:35:47 [info]: Received request for /api/previewguiasexpo
27/2/2026, 11:36:06 [info]: Received request for /api/previewguias
27/2/2026, 11:36:06 [info]: Received request for /api/previewguiasexpo
27/2/2026, 11:36:08 [info]: Received request for /api/obtener-recibo-por-factura
27/2/2026, 11:36:12 [info]: Received request for /api/obtener-recibo-por-factura
27/2/2026, 11:36:16 [info]: Received request for /api/obtener-recibo-por-factura
27/2/2026, 11:36:17 [info]: Received request for /api/obtener-recibo-por-factura
27/2/2026, 11:36:18 [info]: Received request for /api/obtener-recibo-por-factura
27/2/2026, 11:36:19 [info]: Received request for /api/obtener-recibo-por-factura
27/2/2026, 11:42:47 [info]: Received request for /api/previewguias
27/2/2026, 11:42:47 [info]: Received request for /api/previewguiasexpo
27/2/2026, 11:46:11 [info]: Received request for /api/previewguias
27/2/2026, 11:46:11 [info]: Received request for /api/previewguiasexpo
27/2/2026, 11:46:21 [info]: Received request for /api/previewguias
27/2/2026, 11:46:21 [info]: Received request for /api/previewguiasexpo
27/2/2026, 11:46:22 [info]: Received request for /api/obtener-recibo-por-factura
27/2/2026, 11:46:24 [info]: Received request for /api/obtener-recibo-por-factura
27/2/2026, 11:46:27 [info]: Received request for /api/obtener-recibo-por-factura
27/2/2026, 11:46:27 [info]: Received request for /api/obtener-recibo-por-factura
27/2/2026, 11:46:28 [info]: Received request for /api/obtener-recibo-por-factura
27/2/2026, 11:46:28 [info]: Received request for /api/obtener-recibo-por-factura
27/2/2026, 11:46:28 [info]: Received request for /api/obtener-recibo-por-factura
27/2/2026, 11:46:28 [info]: Received request for /api/obtener-recibo-por-factura
27/2/2026, 11:46:29 [info]: Received request for /api/obtener-recibo-por-factura
27/2/2026, 11:46:30 [info]: Received request for /api/obtener-recibo-por-factura
27/2/2026, 11:46:32 [info]: Received request for /api/obtener-recibo-por-factura
27/2/2026, 11:46:36 [info]: Received request for /api/obtener-recibo-por-factura
27/2/2026, 11:46:37 [info]: Received request for /api/obtener-recibo-por-factura
27/2/2026, 11:46:37 [info]: Received request for /api/obtener-recibo-por-factura
27/2/2026, 11:46:37 [info]: Received request for /api/obtener-recibo-por-factura
27/2/2026, 11:46:40 [info]: Received request for /api/obtener-recibo-por-factura
27/2/2026, 11:46:40 [info]: Received request for /api/obtener-recibo-por-factura
27/2/2026, 11:56:41 [info]: Server running on port 5001
27/2/2026, 11:56:41 [info]: Conexión exitosa a la base de datos MySQL
27/2/2026, 11:57:26 [info]: Received request for /api/previewguias
27/2/2026, 11:57:26 [info]: Received request for /api/previewguiasexpo
27/2/2026, 11:59:52 [info]: Received request for /api/previewguias
27/2/2026, 11:59:52 [info]: Received request for /api/previewguiasexpo
27/2/2026, 11:59:57 [info]: Received request for /api/previewguias
27/2/2026, 11:59:57 [info]: Received request for /api/previewguiasexpo
27/2/2026, 12:00:39 [info]: Received request for /api/previewguias
27/2/2026, 12:00:39 [info]: Received request for /api/previewguiasexpo
27/2/2026, 12:00:41 [info]: Received request for /api/previewguias
27/2/2026, 12:00:41 [info]: Received request for /api/previewguiasexpo
27/2/2026, 12:01:00 [info]: Received request for /api/obtener-recibo-por-factura
27/2/2026, 12:01:36 [info]: Server running on port 5001
27/2/2026, 12:01:36 [info]: Conexión exitosa a la base de datos MySQL
27/2/2026, 12:01:37 [info]: Received request for /api/previewguias
27/2/2026, 12:01:37 [info]: Received request for /api/previewguiasexpo
27/2/2026, 12:01:46 [info]: Received request for /api/obtener-recibo-por-factura
27/2/2026, 12:01:47 [info]: Received request for /api/obtener-recibo-por-factura
27/2/2026, 12:01:50 [info]: Received request for /api/obtener-recibo-por-factura
27/2/2026, 12:02:02 [info]: Received request for /api/obtener-recibo-por-factura
27/2/2026, 12:02:08 [info]: Received request for /api/obtener-recibo-por-factura
27/2/2026, 12:02:12 [info]: Received request for /api/obtener-recibo-por-factura
27/2/2026, 12:02:14 [info]: Received request for /api/obtener-recibo-por-factura
27/2/2026, 12:02:14 [info]: Received request for /api/obtener-recibo-por-factura
27/2/2026, 12:02:14 [info]: Received request for /api/obtener-recibo-por-factura
27/2/2026, 12:02:16 [info]: Received request for /api/obtener-recibo-por-factura
27/2/2026, 12:02:17 [info]: Received request for /api/obtener-recibo-por-factura
27/2/2026, 12:02:17 [info]: Received request for /api/obtener-recibo-por-factura
27/2/2026, 12:02:17 [info]: Received request for /api/obtener-recibo-por-factura
27/2/2026, 12:02:17 [info]: Received request for /api/obtener-recibo-por-factura
27/2/2026, 12:02:19 [info]: Received request for /api/obtener-recibo-por-factura
27/2/2026, 12:02:20 [info]: Received request for /api/obtener-recibo-por-factura
27/2/2026, 12:02:20 [info]: Received request for /api/obtener-recibo-por-factura
27/2/2026, 12:02:21 [info]: Received request for /api/obtener-recibo-por-factura
27/2/2026, 12:02:37 [info]: Received request for /api/previewguias
27/2/2026, 12:02:37 [info]: Received request for /api/previewguiasexpo
27/2/2026, 12:02:40 [info]: Received request for /api/obtener-recibo-por-factura
27/2/2026, 12:02:40 [info]: Received request for /api/obtener-recibo-por-factura
27/2/2026, 12:02:41 [info]: Received request for /api/obtener-recibo-por-factura
27/2/2026, 12:02:42 [info]: Received request for /api/obtener-recibo-por-factura
27/2/2026, 12:02:43 [info]: Received request for /api/obtener-recibo-por-factura
27/2/2026, 12:02:53 [info]: Received request for /api/obtener-recibo-por-factura
27/2/2026, 12:02:55 [info]: Received request for /api/obtener-recibo-por-factura
27/2/2026, 12:02:55 [info]: Received request for /api/obtener-recibo-por-factura
27/2/2026, 12:03:02 [info]: Received request for /api/obtener-recibo-por-factura
27/2/2026, 12:03:03 [info]: Received request for /api/obtener-recibo-por-factura
27/2/2026, 12:03:03 [info]: Received request for /api/obtener-recibo-por-factura
27/2/2026, 12:03:06 [info]: Received request for /api/obtener-recibo-por-factura
27/2/2026, 12:03:06 [info]: Received request for /api/obtener-recibo-por-factura
27/2/2026, 12:03:07 [info]: Received request for /api/obtener-recibo-por-factura
