16/12/2025, 10:32:47 [info]: Server running on port 5001
16/12/2025, 10:33:08 [error]: Error conectando a la base de datos: Error: connect ETIMEDOUT 172.212.44.168:3306
    at TCPConnectWrap.afterConnect [as oncomplete] (node:net:1607:16)
    --------------------
    at Protocol._enqueue (C:\Users\PatricioGauna\OneDrive - Repremar Logistics S.A\Documentos\GitHub\ReactMTZ\BACKEND\node_modules\mysql\lib\protocol\Protocol.js:144:48)
    at Protocol.handshake (C:\Users\PatricioGauna\OneDrive - Repremar Logistics S.A\Documentos\GitHub\ReactMTZ\BACKEND\node_modules\mysql\lib\protocol\Protocol.js:51:23)
    at Connection.connect (C:\Users\PatricioGauna\OneDrive - Repremar Logistics S.A\Documentos\GitHub\ReactMTZ\BACKEND\node_modules\mysql\lib\Connection.js:116:18)
    at Object.<anonymous> (C:\Users\PatricioGauna\OneDrive - Repremar Logistics S.A\Documentos\GitHub\ReactMTZ\BACKEND\index.js:94:12)
    at Module._compile (node:internal/modules/cjs/loader:1469:14)
    at Module._extensions..js (node:internal/modules/cjs/loader:1548:10)
    at Module.load (node:internal/modules/cjs/loader:1288:32)
    at Module._load (node:internal/modules/cjs/loader:1104:12)
    at Function.executeUserEntryPoint [as runMain] (node:internal/modules/run_main:174:12)
    at node:internal/main/run_main_module:28:49
16/12/2025, 10:37:24 [info]: Server running on port 5001
16/12/2025, 10:37:25 [info]: Conexión exitosa a la base de datos MySQL
16/12/2025, 10:41:47 [info]: Received request for /api/guias-sin-facturar
16/12/2025, 10:41:47 [info]: Received request for /api/facturas-sin-cobrar
16/12/2025, 10:41:48 [info]: Received request for /api/obtenertipocambio
16/12/2025, 10:42:02 [info]: Received request for /api/previewrecibos
16/12/2025, 10:42:10 [error]: ❌ Error en el proceso de cotizaciones: Error: connect ETIMEDOUT 10.0.10.16:8082
16/12/2025, 10:53:19 [info]: Received request for /api/previewrecibos
16/12/2025, 10:56:41 [info]: Received request for /api/historialfac/39
16/12/2025, 10:56:41 [info]: 🟢 ID Cliente recibido: 39 string
16/12/2025, 10:56:41 [info]: Calculando saldo total para el cliente 39
16/12/2025, 11:06:15 [info]: Server running on port 5001
16/12/2025, 11:06:15 [info]: Conexión exitosa a la base de datos MySQL
16/12/2025, 11:08:26 [info]: Received request for /api/historialfac/39
16/12/2025, 11:08:26 [info]: 🟢 ID Cliente recibido: 39 string
16/12/2025, 11:08:26 [info]: Calculando saldo total para el cliente 39
16/12/2025, 11:14:57 [info]: Received request for /api/historialfac/39
16/12/2025, 11:14:57 [info]: 🟢 ID Cliente recibido: 39 string
16/12/2025, 11:14:58 [info]: Calculando saldo total para el cliente 39
16/12/2025, 11:32:05 [info]: Received request for /api/previewfacturas
16/12/2025, 11:32:19 [info]: Received request for /api/previewguias
16/12/2025, 11:32:19 [info]: Received request for /api/previewguiasexpo
16/12/2025, 11:35:56 [info]: Received request for /api/previewguias
16/12/2025, 11:35:56 [info]: Received request for /api/previewguiasexpo
16/12/2025, 11:39:09 [info]: Received request for /api/previewguias
16/12/2025, 11:39:09 [info]: Received request for /api/previewguiasexpo
16/12/2025, 11:39:19 [info]: Received request for /api/previewguias
16/12/2025, 11:39:19 [info]: Received request for /api/previewguiasexpo
16/12/2025, 11:40:56 [info]: Received request for /api/previewguias
16/12/2025, 11:40:56 [info]: Received request for /api/previewguiasexpo
16/12/2025, 11:41:16 [info]: Received request for /api/previewguias
16/12/2025, 11:41:17 [info]: Received request for /api/previewguiasexpo
16/12/2025, 11:41:27 [info]: Received request for /api/previewguias
16/12/2025, 11:41:27 [info]: Received request for /api/previewguiasexpo
16/12/2025, 11:42:30 [info]: Received request for /api/previewguias
16/12/2025, 11:42:30 [info]: Received request for /api/previewguiasexpo
16/12/2025, 11:43:29 [info]: Received request for /api/previewfacturas
16/12/2025, 11:43:34 [info]: Received request for /api/previewfacturas
16/12/2025, 11:45:06 [info]: Received request for /api/previewguias
16/12/2025, 11:45:06 [info]: Received request for /api/previewguiasexpo
16/12/2025, 11:52:56 [info]: Received request for /api/previewguias
16/12/2025, 11:52:56 [info]: Received request for /api/previewguiasexpo
16/12/2025, 11:53:17 [info]: Received request for /api/previewguias
16/12/2025, 11:53:18 [info]: Received request for /api/previewguiasexpo
16/12/2025, 11:54:08 [info]: Received request for /api/previewguias
16/12/2025, 11:54:09 [info]: Received request for /api/previewguiasexpo
16/12/2025, 11:54:22 [info]: Received request for /api/previewguias
16/12/2025, 11:54:22 [info]: Received request for /api/previewguiasexpo
16/12/2025, 11:54:48 [info]: Received request for /api/previewguias
16/12/2025, 11:54:48 [info]: Received request for /api/previewguiasexpo
16/12/2025, 11:58:06 [info]: Received request for /api/previewguias
16/12/2025, 11:58:06 [info]: Received request for /api/previewguiasexpo
16/12/2025, 11:58:45 [info]: Received request for /api/previewguias
16/12/2025, 11:58:45 [info]: Received request for /api/previewguiasexpo
16/12/2025, 11:59:11 [info]: Received request for /api/previewguias
16/12/2025, 11:59:11 [info]: Received request for /api/previewguiasexpo
16/12/2025, 12:00:01 [info]: Received request for /api/previewguias
16/12/2025, 12:00:01 [info]: Received request for /api/previewguiasexpo
16/12/2025, 12:00:30 [info]: Received request for /api/previewguias
16/12/2025, 12:00:30 [info]: Received request for /api/previewguiasexpo
