20/11/2025, 09:51:28 [info]: Server running on port 5001
20/11/2025, 09:51:29 [info]: Conexión exitosa a la base de datos MySQL
20/11/2025, 09:51:44 [info]: Received request for /api/guias-sin-facturar
20/11/2025, 09:51:44 [info]: Received request for /api/facturas-sin-cobrar
20/11/2025, 09:51:45 [info]: Received request for /api/obtenertipocambio
20/11/2025, 09:51:47 [info]: ✔ Cotizaciones generales: {
  "procesoCargarCotizacionesBcuResultado": {
    "resultado": "1",
    "descripcion": "Cotizaciones ingresadas correctamente",
    "datos": ""
  }
}
20/11/2025, 09:51:47 [info]: 💲 Cotización moneda 2: {
  "obtenerCotizacionResultado": {
    "resultado": "1",
    "descripcion": "Se encontro la cotización con los criterios indicados",
    "datos": {
      "cotizacion": "39.753"
    }
  }
}
20/11/2025, 09:51:47 [info]: Received request for /api/agregartipocambio
20/11/2025, 09:52:11 [info]: Received request for /api/previewrecibos
20/11/2025, 09:52:17 [info]: Received request for /api/historialfac/5458
20/11/2025, 09:52:17 [info]: 🟢 ID Cliente recibido: 5458 string
20/11/2025, 09:52:17 [info]: Calculando saldo total para el cliente 5458
20/11/2025, 09:52:30 [info]: Received request for /api/insertrecibo
20/11/2025, 09:52:31 [info]: Recibo y pagos insertados correctamente
20/11/2025, 09:52:31 [info]: Actualizando factura 606 con idrecibo: 203
20/11/2025, 09:52:31 [info]: Datos recibidos para insertar en cuenta corriente:
20/11/2025, 09:52:31 [info]: idcliente: 5458
20/11/2025, 09:52:31 [info]: fecha: 2025-11-20
20/11/2025, 09:52:31 [info]: tipodocumento: Recibo
20/11/2025, 09:52:31 [info]: numerorecibo: 75
20/11/2025, 09:52:31 [info]: moneda: USD
20/11/2025, 09:52:31 [info]: debe: 0
20/11/2025, 09:52:31 [info]: haber: 1
20/11/2025, 09:52:32 [info]: ImpactarRecibo endpoint alcanzado
20/11/2025, 09:52:32 [info]: ID RECIBIDO: 203
20/11/2025, 09:52:32 [info]: TOTAL FORMAS PAGO: 1
20/11/2025, 09:52:32 [info]: TOTAL CANCELACIONES: 1
20/11/2025, 09:52:32 [info]: MONEDA A USAR: 2
20/11/2025, 09:52:32 [info]: GENERANDO XML RECIBO: [object Object]
20/11/2025, 09:52:32 [info]: XML Generado RECIBO: <soapenv:Envelope xmlns:soapenv="http://schemas.xmlsoap.org/soap/envelope/" xmlns:soap="http://soap/">
   <soapenv:Header/>
   <soapenv:Body>
      <soap:agregarDocumentoFacturacion>
         <xmlParametros><![CDATA[
                <agregarDocumentoFacturacionParametros>
                <usuario>IT</usuario>
                <usuarioPassword>R3pr3m4r</usuarioPassword>
                <empresa>KI</empresa>
                    <documento>
                        <fechaDocumento>2025-11-20</fechaDocumento>
                        <tipoDocumento>RECVTAS</tipoDocumento>
                        <cliente>11310002</cliente>
                        <moneda>2</moneda>
                        
                        <fechaVencimiento>2025-11-20</fechaVencimiento>
                        <descripcion>Son dólares americanos U$S uno  </descripcion>
                        <renglones>
	                        
        <renglon>
            <producto>REC</producto>
            <nombreProducto>Cancelación de Facturas</nombreProducto>
            <cantidad>1</cantidad>
            <precioUnitario>1.00</precioUnitario>
        </renglon>
                        </renglones>
                        <cancelaciones>
                            
            <cancelacion>
                <rubroAfectado>113102</rubroAfectado>
                <tipoDocumentoAfectado>FTA</tipoDocumentoAfectado>
                <comprobanteAfectado>25026</comprobanteAfectado>
                <vencimientoAfectado>2025-11-18</vencimientoAfectado>
                <importe>1.00</importe>
            </cancelacion>
                        </cancelaciones>
                        <formasPago>
                            
    <formaPago>
        <formaPago>CHQDOL</formaPago>
        <importe>1.00</importe>
        <elemento1>CTA 01</elemento1>
        <tipoDocumento>DEP</tipoDocumento>
        <comprobante>1</comprobante>
        <vencimiento>2025-11-20</vencimiento>
    </formaPago>
                        </formasPago>
                    </documento>
                </agregarDocumentoFacturacionParametros>
            ]]></xmlParametros>
      </soap:agregarDocumentoFacturacion>
   </soapenv:Body>
</soapenv:Envelope>
20/11/2025, 09:52:32 [info]: Impactando Recibo, XML:  <soapenv:Envelope xmlns:soapenv="http://schemas.xmlsoap.org/soap/envelope/" xmlns:soap="http://soap/">
   <soapenv:Header/>
   <soapenv:Body>
      <soap:agregarDocumentoFacturacion>
         <xmlParametros><![CDATA[
                <agregarDocumentoFacturacionParametros>
                <usuario>IT</usuario>
                <usuarioPassword>R3pr3m4r</usuarioPassword>
                <empresa>KI</empresa>
                    <documento>
                        <fechaDocumento>2025-11-20</fechaDocumento>
                        <tipoDocumento>RECVTAS</tipoDocumento>
                        <cliente>11310002</cliente>
                        <moneda>2</moneda>
                        
                        <fechaVencimiento>2025-11-20</fechaVencimiento>
                        <descripcion>Son dólares americanos U$S uno  </descripcion>
                        <renglones>
	                        
        <renglon>
            <producto>REC</producto>
            <nombreProducto>Cancelación de Facturas</nombreProducto>
            <cantidad>1</cantidad>
            <precioUnitario>1.00</precioUnitario>
        </renglon>
                        </renglones>
                        <cancelaciones>
                            
            <cancelacion>
                <rubroAfectado>113102</rubroAfectado>
                <tipoDocumentoAfectado>FTA</tipoDocumentoAfectado>
                <comprobanteAfectado>25026</comprobanteAfectado>
                <vencimientoAfectado>2025-11-18</vencimientoAfectado>
                <importe>1.00</importe>
            </cancelacion>
                        </cancelaciones>
                        <formasPago>
                            
    <formaPago>
        <formaPago>CHQDOL</formaPago>
        <importe>1.00</importe>
        <elemento1>CTA 01</elemento1>
        <tipoDocumento>DEP</tipoDocumento>
        <comprobante>1</comprobante>
        <vencimiento>2025-11-20</vencimiento>
    </formaPago>
                        </formasPago>
                    </documento>
                </agregarDocumentoFacturacionParametros>
            ]]></xmlParametros>
      </soap:agregarDocumentoFacturacion>
   </soapenv:Body>
</soapenv:Envelope>
20/11/2025, 09:52:33 [info]: Datos recibidos: [object Object]
20/11/2025, 09:58:57 [info]: Received request for /api/historialfac/5458
20/11/2025, 09:58:57 [info]: 🟢 ID Cliente recibido: 5458 string
20/11/2025, 09:58:57 [info]: Calculando saldo total para el cliente 5458
20/11/2025, 09:59:11 [info]: Received request for /api/insertrecibo
20/11/2025, 09:59:12 [info]: Recibo y pagos insertados correctamente
20/11/2025, 09:59:12 [info]: Actualizando factura 605 con idrecibo: 204
20/11/2025, 09:59:12 [info]: Datos recibidos para insertar en cuenta corriente:
20/11/2025, 09:59:12 [info]: idcliente: 5458
20/11/2025, 09:59:12 [info]: fecha: 2025-11-20
20/11/2025, 09:59:12 [info]: tipodocumento: Recibo
20/11/2025, 09:59:12 [info]: numerorecibo: 76
20/11/2025, 09:59:12 [info]: moneda: USD
20/11/2025, 09:59:12 [info]: debe: 0
20/11/2025, 09:59:12 [info]: haber: 1.99
20/11/2025, 09:59:12 [info]: ImpactarRecibo endpoint alcanzado
20/11/2025, 09:59:12 [info]: ID RECIBIDO: 204
20/11/2025, 09:59:13 [info]: TOTAL FORMAS PAGO: 1.99
20/11/2025, 09:59:13 [info]: TOTAL CANCELACIONES: 1.99
20/11/2025, 09:59:13 [info]: MONEDA A USAR: 2
20/11/2025, 09:59:13 [info]: GENERANDO XML RECIBO: [object Object]
20/11/2025, 09:59:13 [info]: XML Generado RECIBO: <soapenv:Envelope xmlns:soapenv="http://schemas.xmlsoap.org/soap/envelope/" xmlns:soap="http://soap/">
   <soapenv:Header/>
   <soapenv:Body>
      <soap:agregarDocumentoFacturacion>
         <xmlParametros><![CDATA[
                <agregarDocumentoFacturacionParametros>
                <usuario>IT</usuario>
                <usuarioPassword>R3pr3m4r</usuarioPassword>
                <empresa>KI</empresa>
                    <documento>
                        <fechaDocumento>2025-11-20</fechaDocumento>
                        <tipoDocumento>RECVTAS</tipoDocumento>
                        <cliente>11310002</cliente>
                        <moneda>2</moneda>
                        
                        <fechaVencimiento>2025-11-20</fechaVencimiento>
                        <descripcion>Son dólares americanos U$S uno  con noventa y nueve centavos</descripcion>
                        <renglones>
	                        
        <renglon>
            <producto>REC</producto>
            <nombreProducto>Cancelación de Facturas</nombreProducto>
            <cantidad>1</cantidad>
            <precioUnitario>1.99</precioUnitario>
        </renglon>
                        </renglones>
                        <cancelaciones>
                            
            <cancelacion>
                <rubroAfectado>113102</rubroAfectado>
                <tipoDocumentoAfectado>FCT</tipoDocumentoAfectado>
                <comprobanteAfectado>20024</comprobanteAfectado>
                <vencimientoAfectado>2025-11-18</vencimientoAfectado>
                <importe>1.99</importe>
            </cancelacion>
                        </cancelaciones>
                        <formasPago>
                            
    <formaPago>
        <formaPago>CHQDOL</formaPago>
        <importe>1.99</importe>
        <elemento1>CTA 01</elemento1>
        <tipoDocumento>DEP</tipoDocumento>
        <comprobante>1</comprobante>
        <vencimiento>2025-11-20</vencimiento>
    </formaPago>
                        </formasPago>
                    </documento>
                </agregarDocumentoFacturacionParametros>
            ]]></xmlParametros>
      </soap:agregarDocumentoFacturacion>
   </soapenv:Body>
</soapenv:Envelope>
20/11/2025, 09:59:13 [info]: Impactando Recibo, XML:  <soapenv:Envelope xmlns:soapenv="http://schemas.xmlsoap.org/soap/envelope/" xmlns:soap="http://soap/">
   <soapenv:Header/>
   <soapenv:Body>
      <soap:agregarDocumentoFacturacion>
         <xmlParametros><![CDATA[
                <agregarDocumentoFacturacionParametros>
                <usuario>IT</usuario>
                <usuarioPassword>R3pr3m4r</usuarioPassword>
                <empresa>KI</empresa>
                    <documento>
                        <fechaDocumento>2025-11-20</fechaDocumento>
                        <tipoDocumento>RECVTAS</tipoDocumento>
                        <cliente>11310002</cliente>
                        <moneda>2</moneda>
                        
                        <fechaVencimiento>2025-11-20</fechaVencimiento>
                        <descripcion>Son dólares americanos U$S uno  con noventa y nueve centavos</descripcion>
                        <renglones>
	                        
        <renglon>
            <producto>REC</producto>
            <nombreProducto>Cancelación de Facturas</nombreProducto>
            <cantidad>1</cantidad>
            <precioUnitario>1.99</precioUnitario>
        </renglon>
                        </renglones>
                        <cancelaciones>
                            
            <cancelacion>
                <rubroAfectado>113102</rubroAfectado>
                <tipoDocumentoAfectado>FCT</tipoDocumentoAfectado>
                <comprobanteAfectado>20024</comprobanteAfectado>
                <vencimientoAfectado>2025-11-18</vencimientoAfectado>
                <importe>1.99</importe>
            </cancelacion>
                        </cancelaciones>
                        <formasPago>
                            
    <formaPago>
        <formaPago>CHQDOL</formaPago>
        <importe>1.99</importe>
        <elemento1>CTA 01</elemento1>
        <tipoDocumento>DEP</tipoDocumento>
        <comprobante>1</comprobante>
        <vencimiento>2025-11-20</vencimiento>
    </formaPago>
                        </formasPago>
                    </documento>
                </agregarDocumentoFacturacionParametros>
            ]]></xmlParametros>
      </soap:agregarDocumentoFacturacion>
   </soapenv:Body>
</soapenv:Envelope>
20/11/2025, 09:59:14 [info]: Datos recibidos: [object Object]
20/11/2025, 09:59:21 [info]: Received request for /api/historialfac/5458
20/11/2025, 09:59:21 [info]: 🟢 ID Cliente recibido: 5458 string
20/11/2025, 09:59:21 [info]: Calculando saldo total para el cliente 5458
20/11/2025, 09:59:54 [info]: Received request for /api/insertrecibo
20/11/2025, 09:59:55 [info]: Recibo y pagos insertados correctamente
20/11/2025, 09:59:55 [info]: Actualizando factura 604 con idrecibo: 205
20/11/2025, 09:59:55 [info]: Datos recibidos para insertar en cuenta corriente:
20/11/2025, 09:59:55 [info]: idcliente: 5458
20/11/2025, 09:59:55 [info]: fecha: 2025-11-20
20/11/2025, 09:59:55 [info]: tipodocumento: Recibo
20/11/2025, 09:59:55 [info]: numerorecibo: 77
20/11/2025, 09:59:55 [info]: moneda: UYU
20/11/2025, 09:59:55 [info]: debe: 0
20/11/2025, 09:59:55 [info]: haber: 4880
20/11/2025, 09:59:55 [info]: ImpactarRecibo endpoint alcanzado
20/11/2025, 09:59:55 [info]: ID RECIBIDO: 205
20/11/2025, 09:59:55 [info]: TOTAL FORMAS PAGO: 4880
20/11/2025, 09:59:55 [info]: TOTAL CANCELACIONES: 122
20/11/2025, 09:59:55 [info]: MONEDA A USAR: 2
20/11/2025, 09:59:55 [info]: COTIZACION CALCULADA: 40.000000
20/11/2025, 09:59:55 [info]: GENERANDO XML RECIBO: [object Object]
20/11/2025, 09:59:55 [info]: XML Generado RECIBO: <soapenv:Envelope xmlns:soapenv="http://schemas.xmlsoap.org/soap/envelope/" xmlns:soap="http://soap/">
   <soapenv:Header/>
   <soapenv:Body>
      <soap:agregarDocumentoFacturacion>
         <xmlParametros><![CDATA[
                <agregarDocumentoFacturacionParametros>
                <usuario>IT</usuario>
                <usuarioPassword>R3pr3m4r</usuarioPassword>
                <empresa>KI</empresa>
                    <documento>
                        <fechaDocumento>2025-11-20</fechaDocumento>
                        <tipoDocumento>RECVTAS</tipoDocumento>
                        <cliente>11310002</cliente>
                        <moneda>2</moneda>
                        <cotizacion>40.000000</cotizacion>
                        <fechaVencimiento>2025-11-20</fechaVencimiento>
                        <descripcion>Son pesos uruguayos $ cuatro mil ochocientos ochenta  </descripcion>
                        <renglones>
	                        
        <renglon>
            <producto>REC</producto>
            <nombreProducto>Cancelación de Facturas</nombreProducto>
            <cantidad>1</cantidad>
            <precioUnitario>122.00</precioUnitario>
        </renglon>
                        </renglones>
                        <cancelaciones>
                            
            <cancelacion>
                <rubroAfectado>113102</rubroAfectado>
                <tipoDocumentoAfectado>FCT</tipoDocumentoAfectado>
                <comprobanteAfectado>20023</comprobanteAfectado>
                <vencimientoAfectado>2025-11-18</vencimientoAfectado>
                <importe>122.00</importe>
            </cancelacion>
                        </cancelaciones>
                        <formasPago>
                            
    <formaPago>
        <formaPago>CHQPES</formaPago>
        <importe>4880.00</importe>
        <elemento1>CTA 01</elemento1>
        <tipoDocumento>DEP</tipoDocumento>
        <comprobante>1</comprobante>
        <vencimiento>2025-11-20</vencimiento>
    </formaPago>
                        </formasPago>
                    </documento>
                </agregarDocumentoFacturacionParametros>
            ]]></xmlParametros>
      </soap:agregarDocumentoFacturacion>
   </soapenv:Body>
</soapenv:Envelope>
20/11/2025, 09:59:55 [info]: Impactando Recibo, XML:  <soapenv:Envelope xmlns:soapenv="http://schemas.xmlsoap.org/soap/envelope/" xmlns:soap="http://soap/">
   <soapenv:Header/>
   <soapenv:Body>
      <soap:agregarDocumentoFacturacion>
         <xmlParametros><![CDATA[
                <agregarDocumentoFacturacionParametros>
                <usuario>IT</usuario>
                <usuarioPassword>R3pr3m4r</usuarioPassword>
                <empresa>KI</empresa>
                    <documento>
                        <fechaDocumento>2025-11-20</fechaDocumento>
                        <tipoDocumento>RECVTAS</tipoDocumento>
                        <cliente>11310002</cliente>
                        <moneda>2</moneda>
                        <cotizacion>40.000000</cotizacion>
                        <fechaVencimiento>2025-11-20</fechaVencimiento>
                        <descripcion>Son pesos uruguayos $ cuatro mil ochocientos ochenta  </descripcion>
                        <renglones>
	                        
        <renglon>
            <producto>REC</producto>
            <nombreProducto>Cancelación de Facturas</nombreProducto>
            <cantidad>1</cantidad>
            <precioUnitario>122.00</precioUnitario>
        </renglon>
                        </renglones>
                        <cancelaciones>
                            
            <cancelacion>
                <rubroAfectado>113102</rubroAfectado>
                <tipoDocumentoAfectado>FCT</tipoDocumentoAfectado>
                <comprobanteAfectado>20023</comprobanteAfectado>
                <vencimientoAfectado>2025-11-18</vencimientoAfectado>
                <importe>122.00</importe>
            </cancelacion>
                        </cancelaciones>
                        <formasPago>
                            
    <formaPago>
        <formaPago>CHQPES</formaPago>
        <importe>4880.00</importe>
        <elemento1>CTA 01</elemento1>
        <tipoDocumento>DEP</tipoDocumento>
        <comprobante>1</comprobante>
        <vencimiento>2025-11-20</vencimiento>
    </formaPago>
                        </formasPago>
                    </documento>
                </agregarDocumentoFacturacionParametros>
            ]]></xmlParametros>
      </soap:agregarDocumentoFacturacion>
   </soapenv:Body>
</soapenv:Envelope>
20/11/2025, 09:59:57 [info]: Datos recibidos: [object Object]
20/11/2025, 10:26:05 [info]: Received request for /api/obtenertipocambioparacomprobante
20/11/2025, 10:26:05 [info]: 39.753
20/11/2025, 10:26:12 [info]: Received request for /api/obtenertipocambioparacomprobante
20/11/2025, 10:26:12 [info]: 39.753
20/11/2025, 10:26:25 [info]: Received request for /api/obtenertipocambioparacomprobante
20/11/2025, 10:26:25 [info]: 39.753
20/11/2025, 10:27:23 [info]: Received request for /api/obtenertipocambioparacomprobante
20/11/2025, 10:27:24 [info]: 39.753
20/11/2025, 10:28:53 [info]: Received request for /api/obtenertipocambioparacomprobante
20/11/2025, 10:28:53 [info]: 39.753
20/11/2025, 10:29:15 [info]: Received request for /api/obtenertipocambioparacomprobante
20/11/2025, 10:29:16 [info]: 39.753
20/11/2025, 10:33:20 [info]: Generando reporte impo: REPREMAR LOGISTICS S.A. 2025-11-01 2025-11-20 ALL
20/11/2025, 11:05:04 [info]: Parámetros recibidos: [object Object]
20/11/2025, 11:22:03 [info]: Server running on port 5001
20/11/2025, 11:22:03 [info]: Conexión exitosa a la base de datos MySQL
20/11/2025, 11:22:07 [info]: Parámetros recibidos: [object Object]
20/11/2025, 11:22:08 [error]: Error: Unknown column 'g.nrovuelo' in 'on clause'
20/11/2025, 11:23:31 [info]: Server running on port 5001
20/11/2025, 11:23:31 [info]: Conexión exitosa a la base de datos MySQL
20/11/2025, 11:23:37 [info]: Parámetros recibidos: [object Object]
20/11/2025, 11:30:45 [info]: Parámetros recibidos: [object Object]
20/11/2025, 11:42:49 [info]: Server running on port 5001
20/11/2025, 11:42:49 [info]: Conexión exitosa a la base de datos MySQL
20/11/2025, 11:42:54 [info]: Parámetros recibidos: [object Object]
20/11/2025, 11:43:25 [info]: Server running on port 5001
20/11/2025, 11:43:25 [info]: Conexión exitosa a la base de datos MySQL
20/11/2025, 11:43:28 [info]: Parámetros recibidos: [object Object]
20/11/2025, 11:44:08 [info]: reportedeembarquependiente, Parámetros recibidos: [object Object]
20/11/2025, 11:48:27 [info]: Server running on port 5001
20/11/2025, 11:48:27 [info]: Conexión exitosa a la base de datos MySQL
20/11/2025, 11:48:30 [info]: reportedeembarquependiente, Parámetros recibidos: [object Object]
20/11/2025, 12:14:31 [info]: Server running on port 5001
20/11/2025, 12:14:32 [info]: Conexión exitosa a la base de datos MySQL
20/11/2025, 12:15:13 [info]: Server running on port 5001
20/11/2025, 12:15:14 [info]: Conexión exitosa a la base de datos MySQL
20/11/2025, 12:15:31 [info]: Generando reporte impo: REPREMAR LOGISTICS S.A. 2024-06-06 2025-11-20 ALL
20/11/2025, 12:15:31 [info]: QUERY REPORTE IMPO:  
    SELECT 
  g.*, 
  v.vuelo AS vuelo
FROM guiasimpo g
LEFT JOIN vuelos v ON g.nrovuelo = v.idVuelos
WHERE g.emision >= ? AND g.emision <= ?
   AND g.consignatario LIKE ? AND v.compania = ? ORDER BY g.emision ASC
20/11/2025, 12:16:17 [info]: Server running on port 5001
20/11/2025, 12:16:18 [info]: Conexión exitosa a la base de datos MySQL
20/11/2025, 12:16:21 [info]: Generando reporte impo: REPREMAR LOGISTICS S.A. 2024-06-06 2025-11-20 ALL
20/11/2025, 12:16:21 [info]: QUERY REPORTE IMPO:  
    SELECT 
  g.*, 
  v.vuelo AS vuelo
FROM guiasimpo g
LEFT JOIN vuelos v ON g.nrovuelo = v.idVuelos
WHERE g.emision >= ? AND g.emision <= ?
   AND g.consignatario LIKE ? AND v.compania = ? ORDER BY g.emision ASC 2024-06-06,2025-11-20,%REPREMAR LOGISTICS S.A.%,AirEuropa
20/11/2025, 12:16:30 [info]: Generando reporte impo: REPREMAR LOGISTICS S.A. 2024-06-06 2025-11-20 ALL
20/11/2025, 12:16:30 [info]: QUERY REPORTE IMPO:  
    SELECT 
  g.*, 
  v.vuelo AS vuelo
FROM guiasimpo g
LEFT JOIN vuelos v ON g.nrovuelo = v.idVuelos
WHERE g.emision >= ? AND g.emision <= ?
   AND g.consignatario LIKE ? AND v.compania = ? ORDER BY g.emision ASC 2024-06-06,2025-11-20,%REPREMAR LOGISTICS S.A.%,Airclass
20/11/2025, 12:30:26 [info]: Server running on port 5001
20/11/2025, 12:30:27 [info]: Conexión exitosa a la base de datos MySQL
20/11/2025, 13:11:18 [info]: Server running on port 5001
20/11/2025, 13:11:18 [info]: Conexión exitosa a la base de datos MySQL
20/11/2025, 13:11:46 [info]: Parámetros recibidos: [object Object]
20/11/2025, 13:11:58 [info]: Parámetros recibidos: [object Object]
20/11/2025, 13:12:07 [info]: Server running on port 5001
20/11/2025, 13:12:08 [info]: Conexión exitosa a la base de datos MySQL
20/11/2025, 13:12:11 [info]: Parámetros recibidos: [object Object]
20/11/2025, 13:13:50 [info]: Server running on port 5001
20/11/2025, 13:13:50 [info]: Conexión exitosa a la base de datos MySQL
20/11/2025, 13:13:55 [info]: Parámetros recibidos: [object Object]
20/11/2025, 13:14:23 [info]: Parámetros recibidos: [object Object]
20/11/2025, 13:18:50 [info]: Server running on port 5001
20/11/2025, 13:18:51 [info]: Conexión exitosa a la base de datos MySQL
20/11/2025, 13:18:55 [info]: Parámetros recibidos: [object Object]
20/11/2025, 13:19:07 [info]: Parámetros recibidos: [object Object]
20/11/2025, 13:19:16 [info]: Parámetros recibidos: [object Object]
20/11/2025, 13:19:23 [info]: Parámetros recibidos: 2024-07-19 2025-11-20 REPREMAR LOGISTICS S A  ALL
20/11/2025, 13:19:23 [info]: Query mas parametros reporte expo 
      SELECT 
        g.*, 
        f.NumeroCFE AS numeroFacturaCFE,
        r.numeroDocumentoCFE AS numeroReciboCFE
        v.vuelo AS vuelo,
        v.compania AS compania
      FROM guiasexpo g
      LEFT JOIN facturas f ON g.idfactura = f.Id
      LEFT JOIN recibos r ON f.idrecibo = r.idrecibo
      LEFT JOIN vuelos v ON g.nrovuelo = v.idVuelos
      WHERE DATE(g.fechaingresada) BETWEEN ? AND ?
     AND g.agente = ? AND v.compania = ? ORDER BY g.fechaingresada DESC 2024-07-19,2025-11-20,REPREMAR LOGISTICS S A,ALL
20/11/2025, 13:19:23 [error]: Error generando Excel: Error: You have an error in your SQL syntax; check the manual that corresponds to your MySQL server version for the right syntax to use near 'v.vuelo AS vuelo,
        v.compania AS compania
      FROM guiasexpo g
      LE' at line 5
20/11/2025, 13:19:26 [info]: Parámetros recibidos: 2024-07-19 2025-11-20 REPREMAR LOGISTICS S A  ALL
20/11/2025, 13:19:26 [info]: Query mas parametros reporte expo 
      SELECT 
        g.*, 
        f.NumeroCFE AS numeroFacturaCFE,
        r.numeroDocumentoCFE AS numeroReciboCFE
        v.vuelo AS vuelo,
        v.compania AS compania
      FROM guiasexpo g
      LEFT JOIN facturas f ON g.idfactura = f.Id
      LEFT JOIN recibos r ON f.idrecibo = r.idrecibo
      LEFT JOIN vuelos v ON g.nrovuelo = v.idVuelos
      WHERE DATE(g.fechaingresada) BETWEEN ? AND ?
     AND g.agente = ? AND v.compania = ? ORDER BY g.fechaingresada DESC 2024-07-19,2025-11-20,REPREMAR LOGISTICS S A,ALL
20/11/2025, 13:19:26 [error]: Error generando Excel: Error: You have an error in your SQL syntax; check the manual that corresponds to your MySQL server version for the right syntax to use near 'v.vuelo AS vuelo,
        v.compania AS compania
      FROM guiasexpo g
      LE' at line 5
20/11/2025, 13:20:37 [info]: Server running on port 5001
20/11/2025, 13:20:38 [info]: Conexión exitosa a la base de datos MySQL
20/11/2025, 13:20:40 [info]: Parámetros recibidos: 2024-07-19 2025-11-20 REPREMAR LOGISTICS S A  ALL
20/11/2025, 13:20:40 [info]: Query mas parametros reporte expo 
      SELECT 
        g.*, 
        f.NumeroCFE AS numeroFacturaCFE,
        r.numeroDocumentoCFE AS numeroReciboCFE
        v.vuelo AS vuelo,
        v.compania AS compania
      FROM guiasexpo g
      LEFT JOIN facturas f ON g.idfactura = f.Id
      LEFT JOIN recibos r ON f.idrecibo = r.idrecibo
      LEFT JOIN vuelos v ON g.nrovuelo = v.idVuelos
      WHERE DATE(g.fechaingresada) BETWEEN ? AND ?
     AND g.agente = ? ORDER BY g.fechaingresada DESC 2024-07-19,2025-11-20,REPREMAR LOGISTICS S A
20/11/2025, 13:20:40 [error]: Error generando Excel: Error: You have an error in your SQL syntax; check the manual that corresponds to your MySQL server version for the right syntax to use near 'v.vuelo AS vuelo,
        v.compania AS compania
      FROM guiasexpo g
      LE' at line 5
20/11/2025, 13:21:25 [info]: Server running on port 5001
20/11/2025, 13:21:25 [info]: Conexión exitosa a la base de datos MySQL
20/11/2025, 13:21:33 [info]: Parámetros recibidos: 2024-07-19 2025-11-20 REPREMAR LOGISTICS S A  ALL
20/11/2025, 13:21:33 [info]: Query mas parametros reporte expo 
      SELECT 
        g.*, 
        f.NumeroCFE AS numeroFacturaCFE,
        r.numeroDocumentoCFE AS numeroReciboCFE,
        v.vuelo AS vuelo,
        v.compania AS compania
      FROM guiasexpo g
      LEFT JOIN facturas f ON g.idfactura = f.Id
      LEFT JOIN recibos r ON f.idrecibo = r.idrecibo
      LEFT JOIN vuelos v ON g.nrovuelo = v.idVuelos
      WHERE DATE(g.fechaingresada) BETWEEN ? AND ?
     AND g.agente = ? ORDER BY g.fechaingresada DESC 2024-07-19,2025-11-20,REPREMAR LOGISTICS S A
20/11/2025, 13:22:08 [info]: Parámetros recibidos: [object Object]
20/11/2025, 13:22:25 [info]: Parámetros recibidos: [object Object]
20/11/2025, 13:22:28 [info]: Parámetros recibidos: 2024-07-19 2025-11-20 REPREMAR LOGISTICS S A  AirEuropa
20/11/2025, 13:22:28 [info]: Query mas parametros reporte expo 
      SELECT 
        g.*, 
        f.NumeroCFE AS numeroFacturaCFE,
        r.numeroDocumentoCFE AS numeroReciboCFE,
        v.vuelo AS vuelo,
        v.compania AS compania
      FROM guiasexpo g
      LEFT JOIN facturas f ON g.idfactura = f.Id
      LEFT JOIN recibos r ON f.idrecibo = r.idrecibo
      LEFT JOIN vuelos v ON g.nrovuelo = v.idVuelos
      WHERE DATE(g.fechaingresada) BETWEEN ? AND ?
     AND g.agente = ? AND v.compania = ? ORDER BY g.fechaingresada DESC 2024-07-19,2025-11-20,REPREMAR LOGISTICS S A,AirEuropa
20/11/2025, 13:22:38 [info]: Parámetros recibidos: [object Object]
20/11/2025, 13:22:39 [info]: Parámetros recibidos: 2024-07-19 2025-11-20 REPREMAR LOGISTICS S A  Airclass
20/11/2025, 13:22:39 [info]: Query mas parametros reporte expo 
      SELECT 
        g.*, 
        f.NumeroCFE AS numeroFacturaCFE,
        r.numeroDocumentoCFE AS numeroReciboCFE,
        v.vuelo AS vuelo,
        v.compania AS compania
      FROM guiasexpo g
      LEFT JOIN facturas f ON g.idfactura = f.Id
      LEFT JOIN recibos r ON f.idrecibo = r.idrecibo
      LEFT JOIN vuelos v ON g.nrovuelo = v.idVuelos
      WHERE DATE(g.fechaingresada) BETWEEN ? AND ?
     AND g.agente = ? AND v.compania = ? ORDER BY g.fechaingresada DESC 2024-07-19,2025-11-20,REPREMAR LOGISTICS S A,Airclass
20/11/2025, 14:34:00 [info]: Server running on port 5001
20/11/2025, 14:34:01 [info]: Conexión exitosa a la base de datos MySQL
20/11/2025, 14:35:32 [error]: Error al obtener guías expo: ReferenceError: aerolinea is not defined
20/11/2025, 14:35:50 [info]: Server running on port 5001
20/11/2025, 14:35:50 [info]: Conexión exitosa a la base de datos MySQL
20/11/2025, 14:53:08 [info]: Server running on port 5001
20/11/2025, 14:53:09 [info]: Conexión exitosa a la base de datos MySQL
20/11/2025, 14:53:18 [info]: reportedeembarquependiente, Parámetros recibidos: [object Object]
20/11/2025, 14:53:29 [info]: reportedeembarquependiente, Parámetros recibidos: [object Object]
20/11/2025, 14:53:35 [info]: reportedeembarquependiente, Parámetros recibidos: [object Object]
20/11/2025, 14:57:47 [info]: reportedeembarquependiente, Parámetros recibidos: [object Object]
20/11/2025, 14:57:58 [info]: reportedeembarquependiente, Parámetros recibidos: [object Object]
20/11/2025, 15:19:08 [info]: Parámetros recibidos: [object Object]
20/11/2025, 15:21:08 [info]: Server running on port 5001
20/11/2025, 15:21:08 [info]: Conexión exitosa a la base de datos MySQL
20/11/2025, 15:21:11 [info]: Parámetros recibidos: [object Object]
20/11/2025, 15:22:50 [info]: Server running on port 5001
20/11/2025, 15:22:51 [info]: Conexión exitosa a la base de datos MySQL
20/11/2025, 15:23:01 [info]: Parámetros recibidos: [object Object]
20/11/2025, 15:23:15 [info]: Parámetros recibidos: [object Object]
20/11/2025, 15:23:28 [info]: Parámetros recibidos: [object Object]
20/11/2025, 15:23:36 [info]: Parámetros recibidos: [object Object]
20/11/2025, 15:24:40 [info]: Server running on port 5001
20/11/2025, 15:24:40 [info]: Conexión exitosa a la base de datos MySQL
20/11/2025, 15:24:58 [info]: Parámetros recibidos: [object Object]
20/11/2025, 15:24:59 [error]: Error: EISDIR: illegal operation on a directory, read
20/11/2025, 15:25:51 [info]: Server running on port 5001
20/11/2025, 15:25:51 [info]: Conexión exitosa a la base de datos MySQL
20/11/2025, 15:25:55 [info]: Parámetros recibidos: [object Object]
20/11/2025, 15:25:55 [error]: TypeError [ERR_INVALID_ARG_TYPE]: The "path" argument must be of type string. Received null
20/11/2025, 15:26:00 [info]: Parámetros recibidos: [object Object]
20/11/2025, 15:26:00 [error]: TypeError [ERR_INVALID_ARG_TYPE]: The "path" argument must be of type string. Received null
20/11/2025, 15:26:49 [info]: Server running on port 5001
20/11/2025, 15:26:49 [info]: Conexión exitosa a la base de datos MySQL
20/11/2025, 15:26:52 [info]: Parámetros recibidos: [object Object]
20/11/2025, 15:27:02 [info]: Parámetros recibidos: [object Object]
20/11/2025, 15:27:09 [info]: Parámetros recibidos: [object Object]
20/11/2025, 15:28:01 [info]: Parámetros recibidos: [object Object]
20/11/2025, 15:28:10 [info]: Parámetros recibidos: [object Object]
20/11/2025, 15:40:59 [info]: Server running on port 5001
20/11/2025, 15:41:00 [info]: Conexión exitosa a la base de datos MySQL
20/11/2025, 15:41:17 [info]: reportedeembarquependiente, Parámetros recibidos: [object Object]
20/11/2025, 15:41:25 [info]: reportedeembarquependiente, Parámetros recibidos: [object Object]
20/11/2025, 15:41:36 [info]: reportedeembarquependiente, Parámetros recibidos: [object Object]
20/11/2025, 15:45:26 [info]: Parámetros recibidos: [object Object]
20/11/2025, 16:12:34 [info]: Server running on port 5001
20/11/2025, 16:12:35 [info]: Conexión exitosa a la base de datos MySQL
20/11/2025, 16:13:08 [info]: reportedeembarquependiente, Parámetros recibidos: [object Object]
20/11/2025, 16:13:22 [info]: reportedeembarquependiente, Parámetros recibidos: [object Object]
20/11/2025, 16:13:26 [info]: reportedeembarquependiente, Parámetros recibidos: [object Object]
20/11/2025, 16:16:28 [info]: reportedeembarquependiente, Parámetros recibidos: [object Object]
20/11/2025, 16:20:34 [info]: Server running on port 5001
20/11/2025, 16:20:34 [info]: Conexión exitosa a la base de datos MySQL
20/11/2025, 16:20:49 [info]: Parámetros recibidos: [object Object]
20/11/2025, 16:21:00 [info]: Parámetros recibidos: [object Object]
20/11/2025, 16:21:15 [info]: Parámetros recibidos: [object Object]
20/11/2025, 16:21:23 [info]: Parámetros recibidos: [object Object]
20/11/2025, 16:21:31 [info]: Parámetros recibidos: [object Object]
20/11/2025, 16:22:22 [info]: Parámetros recibidos: [object Object]
20/11/2025, 16:22:26 [info]: Parámetros recibidos: [object Object]
20/11/2025, 16:24:22 [info]: Parámetros recibidos: [object Object]
20/11/2025, 16:24:30 [info]: Parámetros recibidos: [object Object]
20/11/2025, 16:25:22 [info]: reportedeembarquependiente, Parámetros recibidos: [object Object]
20/11/2025, 16:25:33 [info]: reportedeembarquependiente, Parámetros recibidos: [object Object]
20/11/2025, 16:26:26 [info]: reportedeembarquependiente, Parámetros recibidos: [object Object]
20/11/2025, 16:26:37 [info]: reportedeembarquependiente, Parámetros recibidos: [object Object]
20/11/2025, 16:32:18 [info]: reportedeembarquependiente, Parámetros recibidos: [object Object]
