25/11/2025, 14:17:29 [info]: Server running on port 5001
25/11/2025, 14:17:50 [error]: Error conectando a la base de datos: Error: connect ETIMEDOUT 172.212.44.168:3306
    at TCPConnectWrap.afterConnect [as oncomplete] (node:net:1607:16)
    --------------------
    at Protocol._enqueue (C:\Users\PatricioGauna\OneDrive - Repremar Logistics S.A\Documentos\GitHub\ReactMTZ\BACKEND\node_modules\mysql\lib\protocol\Protocol.js:144:48)
    at Protocol.handshake (C:\Users\PatricioGauna\OneDrive - Repremar Logistics S.A\Documentos\GitHub\ReactMTZ\BACKEND\node_modules\mysql\lib\protocol\Protocol.js:51:23)
    at Connection.connect (C:\Users\PatricioGauna\OneDrive - Repremar Logistics S.A\Documentos\GitHub\ReactMTZ\BACKEND\node_modules\mysql\lib\Connection.js:116:18)
    at Object.<anonymous> (C:\Users\PatricioGauna\OneDrive - Repremar Logistics S.A\Documentos\GitHub\ReactMTZ\BACKEND\index.js:94:12)
    at Module._compile (node:internal/modules/cjs/loader:1469:14)
    at Module._extensions..js (node:internal/modules/cjs/loader:1548:10)
    at Module.load (node:internal/modules/cjs/loader:1288:32)
    at Module._load (node:internal/modules/cjs/loader:1104:12)
    at Function.executeUserEntryPoint [as runMain] (node:internal/modules/run_main:174:12)
    at node:internal/main/run_main_module:28:49
25/11/2025, 14:20:58 [info]: Server running on port 5001
25/11/2025, 14:20:59 [info]: Conexión exitosa a la base de datos MySQL
25/11/2025, 14:21:25 [info]: Received request for /api/guias-sin-facturar
25/11/2025, 14:21:25 [info]: Received request for /api/facturas-sin-cobrar
25/11/2025, 14:21:25 [info]: Received request for /api/obtenertipocambio
25/11/2025, 14:21:47 [error]: ❌ Error en el proceso de cotizaciones: Error: connect ETIMEDOUT 201.217.139.178:8080
25/11/2025, 14:22:24 [info]: Received request for /api/guias-sin-facturar
25/11/2025, 14:22:24 [info]: Received request for /api/facturas-sin-cobrar
25/11/2025, 14:22:25 [info]: Received request for /api/obtenertipocambio
25/11/2025, 14:22:46 [error]: ❌ Error en el proceso de cotizaciones: Error: connect ETIMEDOUT 10.0.10.16:8080
25/11/2025, 14:23:10 [info]: Received request for /api/obtenertipocambioparacomprobante
25/11/2025, 14:23:10 [info]: No hay tipo de cambio para la fecha actual
25/11/2025, 14:23:12 [info]: Received request for /api/guias-sin-facturar
25/11/2025, 14:23:12 [info]: Received request for /api/facturas-sin-cobrar
25/11/2025, 14:23:12 [info]: Received request for /api/obtenertipocambio
25/11/2025, 14:23:13 [info]: ✔ Cotizaciones generales: {
  "procesoCargarCotizacionesBcuResultado": {
    "resultado": "1",
    "descripcion": "Cotizaciones ingresadas correctamente",
    "datos": ""
  }
}
25/11/2025, 14:23:13 [info]: 💲 Cotización moneda 2: {
  "obtenerCotizacionResultado": {
    "resultado": "1",
    "descripcion": "Se encontro la cotización con los criterios indicados",
    "datos": {
      "cotizacion": "39.719"
    }
  }
}
25/11/2025, 14:23:13 [info]: Received request for /api/agregartipocambio
25/11/2025, 14:34:00 [info]: ⏰ Ejecutando cierre diario...
25/11/2025, 14:34:00 [info]: ✅ Cierre diario guardado: 25/11/2025, 2:34:00 p. m.
25/11/2025, 14:34:15 [info]: 📧 Correo enviado: 250 2.0.0 OK  1764092054 41be03b00d2f7-bd8c56691d1sm13378480a12.28 - gsmtp
25/11/2025, 17:17:11 [info]: Parámetros recibidos: [object Object]
25/11/2025, 17:17:26 [info]: Parámetros recibidos: [object Object]
25/11/2025, 17:17:33 [info]: Parámetros recibidos: [object Object]
25/11/2025, 17:20:26 [info]: reportedeembarquependiente, Parámetros recibidos: [object Object]
25/11/2025, 17:22:02 [info]: Server running on port 5001
25/11/2025, 17:22:14 [info]: Conexión exitosa a la base de datos MySQL
25/11/2025, 17:22:24 [info]: reportedeembarquependiente, Parámetros recibidos: [object Object]
25/11/2025, 17:26:13 [info]: reportedeembarquependiente, Parámetros recibidos: [object Object]
25/11/2025, 17:26:44 [info]: Parámetros recibidos: [object Object]
