9/12/2025, 15:48:27 [info]: Server running on port 5001
9/12/2025, 15:48:28 [info]: Conexión exitosa a la base de datos MySQL
9/12/2025, 15:48:50 [error]: Error en el login: Error: Unknown database 'cielosurinvoicerest'
9/12/2025, 15:49:08 [info]: Server running on port 5001
9/12/2025, 15:49:09 [info]: Conexión exitosa a la base de datos MySQL
9/12/2025, 15:49:10 [info]: Received request for /api/guias-sin-facturar
9/12/2025, 15:49:10 [info]: Received request for /api/facturas-sin-cobrar
9/12/2025, 15:49:10 [info]: Received request for /api/obtenertipocambio
9/12/2025, 15:49:26 [info]: Received request for /api/previewclientes
9/12/2025, 15:49:30 [info]: Received request for /api/obtenerclientes/5
9/12/2025, 15:49:30 [error]: Error al obtener el Usuario: ReferenceError: getUsuarioQuery is not defined
9/12/2025, 15:49:40 [info]: Received request for /api/previewclientes
9/12/2025, 15:50:48 [info]: Server running on port 5001
9/12/2025, 15:50:48 [info]: Conexión exitosa a la base de datos MySQL
9/12/2025, 15:50:52 [info]: Received request for /api/obtenerclientes/5
9/12/2025, 15:50:52 [info]: Usuario encontrado: [object Object]
9/12/2025, 15:50:55 [error]: Error actualizando cliente: Error: Unknown column 'usuario' in 'field list'
9/12/2025, 15:51:40 [info]: Server running on port 5001
9/12/2025, 15:51:40 [info]: Conexión exitosa a la base de datos MySQL
9/12/2025, 15:51:44 [error]: Error actualizando cliente: Error: Data truncated for column 'rol' at row 1
9/12/2025, 15:53:15 [info]: Received request for /api/obtenerclientes/5
9/12/2025, 15:53:15 [info]: Usuario encontrado: [object Object]
9/12/2025, 15:53:19 [info]: Received request for /api/previewclientes
9/12/2025, 15:53:54 [info]: Received request for /api/obtenerclientes/5
9/12/2025, 15:53:54 [info]: Usuario encontrado: [object Object]
9/12/2025, 15:54:00 [info]: Received request for /api/previewclientes
9/12/2025, 15:56:40 [info]: Server running on port 5001
9/12/2025, 15:56:41 [info]: Conexión exitosa a la base de datos MySQL
9/12/2025, 15:56:45 [info]: Received request for /api/previewclientes
9/12/2025, 15:56:56 [info]: Received request for /api/obtenerclientes/5
9/12/2025, 15:56:56 [info]: Usuario encontrado: [object Object]
9/12/2025, 15:57:07 [info]: Received request for /api/previewclientes
9/12/2025, 15:57:25 [info]: Received request for /api/obtenerclientes/5
9/12/2025, 15:57:26 [info]: Usuario encontrado: [object Object]
9/12/2025, 15:57:29 [info]: Received request for /api/previewclientes
9/12/2025, 15:57:43 [info]: Received request for /api/obtenerclientes/4
9/12/2025, 15:57:43 [info]: Usuario encontrado: [object Object]
9/12/2025, 15:57:51 [info]: Received request for /api/previewclientes
9/12/2025, 15:57:59 [info]: Received request for /api/guias-sin-facturar
9/12/2025, 15:57:59 [info]: Received request for /api/facturas-sin-cobrar
9/12/2025, 15:58:00 [info]: Received request for /api/obtenertipocambio
9/12/2025, 15:58:11 [info]: Received request for /api/guias-sin-facturar
9/12/2025, 15:58:11 [info]: Received request for /api/facturas-sin-cobrar
9/12/2025, 15:58:12 [info]: Received request for /api/obtenertipocambio
9/12/2025, 16:01:58 [info]: Received request for /api/previewclientes
9/12/2025, 16:29:15 [info]: Received request for /api/previewclientes
9/12/2025, 16:29:39 [info]: Received request for /api/previewclientes
9/12/2025, 16:29:45 [info]: Received request for /api/previewclientes
9/12/2025, 16:29:48 [info]: Received request for /api/previewclientes
9/12/2025, 16:30:09 [info]: Received request for /api/previewclientes
9/12/2025, 16:30:26 [info]: Received request for /api/previewclientes
9/12/2025, 16:31:06 [info]: Received request for /api/previewclientes
9/12/2025, 16:31:39 [info]: Received request for /api/previewclientes
9/12/2025, 16:31:48 [info]: Received request for /api/previewclientes
9/12/2025, 16:32:28 [info]: Received request for /api/previewclientes
9/12/2025, 16:33:02 [info]: Received request for /api/previewclientes
9/12/2025, 16:33:07 [info]: Received request for /api/previewclientes
9/12/2025, 16:33:51 [info]: Received request for /api/previewclientes
9/12/2025, 16:36:44 [info]: Received request for /api/previewclientes
9/12/2025, 16:37:05 [info]: Received request for /api/previewclientes
9/12/2025, 16:37:45 [info]: Received request for /api/previewclientes
9/12/2025, 16:38:19 [info]: Received request for /api/previewclientes
9/12/2025, 16:40:30 [info]: Received request for /api/previewclientes
9/12/2025, 16:40:31 [info]: Received request for /api/previewclientes
9/12/2025, 16:41:27 [info]: Received request for /api/previewclientes
9/12/2025, 16:41:34 [info]: Received request for /api/previewclientes
9/12/2025, 16:43:45 [info]: Received request for /api/previewclientes
9/12/2025, 16:43:55 [info]: Received request for /api/previewclientes
9/12/2025, 16:43:58 [info]: Received request for /api/previewclientes
9/12/2025, 16:44:17 [info]: Received request for /api/previewclientes
9/12/2025, 16:44:39 [info]: Received request for /api/previewclientes
9/12/2025, 16:46:59 [info]: Received request for /api/previewclientes
9/12/2025, 16:47:01 [info]: Received request for /api/previewclientes
9/12/2025, 16:57:04 [info]: Received request for /api/previewclientes
9/12/2025, 16:57:05 [info]: Received request for /api/previewclientes
9/12/2025, 16:57:15 [info]: Received request for /api/previewclientes
9/12/2025, 16:58:08 [info]: Received request for /api/previewclientes
9/12/2025, 16:58:52 [info]: Received request for /api/previewclientes
9/12/2025, 16:59:00 [info]: Received request for /api/previewclientes
9/12/2025, 16:59:09 [info]: Received request for /api/previewclientes
9/12/2025, 16:59:18 [info]: Received request for /api/previewclientes
9/12/2025, 17:00:19 [info]: Received request for /api/previewclientes
9/12/2025, 17:00:42 [info]: Received request for /api/previewclientes
9/12/2025, 17:00:49 [info]: Received request for /api/previewclientes
9/12/2025, 17:02:51 [info]: Received request for /api/previewclientes
9/12/2025, 17:03:00 [info]: Received request for /api/previewclientes
9/12/2025, 17:03:18 [info]: Received request for /api/previewclientes
9/12/2025, 17:03:59 [info]: Received request for /api/previewclientes
9/12/2025, 17:04:10 [info]: Received request for /api/previewclientes
9/12/2025, 17:05:26 [info]: Server running on port 5001
9/12/2025, 17:05:26 [info]: Conexión exitosa a la base de datos MySQL
9/12/2025, 17:11:25 [info]: Received request for /api/previewclientes
9/12/2025, 17:11:26 [info]: Received request for /api/previewclientes
