4/12/2025, 10:42:18 [info]: Server running on port 5001
4/12/2025, 10:42:19 [info]: Conexión exitosa a la base de datos MySQL
4/12/2025, 10:43:06 [info]: Received request for /api/guias-sin-facturar
4/12/2025, 10:43:06 [info]: Received request for /api/facturas-sin-cobrar
4/12/2025, 10:43:06 [info]: Received request for /api/obtenertipocambio
4/12/2025, 10:43:08 [info]: ✔ Cotizaciones generales: {
  "procesoCargarCotizacionesBcuResultado": {
    "resultado": "2",
    "descripcion": "No se ha definido una moneda principal en la empresa.",
    "datos": ""
  }
}
4/12/2025, 10:43:08 [info]: 💲 Cotización moneda 2: {
  "obtenerCotizacionResultado": {
    "resultado": "2",
    "descripcion": "Cotización no encontrada para la moneda 2 en la fecha 04/12/2025.",
    "datos": ""
  }
}
4/12/2025, 10:43:20 [info]: Received request for /api/guias-sin-facturar
4/12/2025, 10:43:20 [info]: Received request for /api/facturas-sin-cobrar
4/12/2025, 10:43:20 [info]: Received request for /api/obtenertipocambio
4/12/2025, 10:43:21 [info]: ✔ Cotizaciones generales: {
  "procesoCargarCotizacionesBcuResultado": {
    "resultado": "2",
    "descripcion": "No se ha definido una moneda principal en la empresa.",
    "datos": ""
  }
}
4/12/2025, 10:43:21 [info]: 💲 Cotización moneda 2: {
  "obtenerCotizacionResultado": {
    "resultado": "2",
    "descripcion": "Cotización no encontrada para la moneda 2 en la fecha 04/12/2025.",
    "datos": ""
  }
}
4/12/2025, 10:43:33 [info]: Received request for /api/guias-sin-facturar
4/12/2025, 10:43:34 [info]: Received request for /api/facturas-sin-cobrar
4/12/2025, 10:43:34 [info]: Received request for /api/obtenertipocambio
4/12/2025, 10:43:34 [info]: ✔ Cotizaciones generales: {
  "procesoCargarCotizacionesBcuResultado": {
    "resultado": "2",
    "descripcion": "No se ha definido una moneda principal en la empresa.",
    "datos": ""
  }
}
4/12/2025, 10:43:34 [info]: 💲 Cotización moneda 2: {
  "obtenerCotizacionResultado": {
    "resultado": "2",
    "descripcion": "Cotización no encontrada para la moneda 2 en la fecha 04/12/2025.",
    "datos": ""
  }
}
4/12/2025, 10:53:25 [info]: Received request for /api/previewrecibos
4/12/2025, 10:54:09 [info]: Received request for /api/historialfac/39
4/12/2025, 10:54:09 [info]: 🟢 ID Cliente recibido: 39 string
4/12/2025, 10:54:09 [info]: Calculando saldo total para el cliente 39
