6/2/2026, 15:14:28 [info]: Server running on port 5001
6/2/2026, 15:14:29 [info]: Conexión exitosa a la base de datos MySQL
6/2/2026, 15:14:44 [info]: Received request for /api/guias-sin-facturar
6/2/2026, 15:14:44 [info]: Received request for /api/facturas-sin-cobrar
6/2/2026, 15:14:44 [info]: Received request for /api/obtenertipocambio
6/2/2026, 15:14:46 [info]: ✔ Cotizaciones generales: {
  "procesoCargarCotizacionesBcuResultado": {
    "resultado": "1",
    "descripcion": "Cotizaciones ingresadas correctamente",
    "datos": ""
  }
}
6/2/2026, 15:14:46 [info]: 💲 Cotización moneda 2: {
  "obtenerCotizacionResultado": {
    "resultado": "1",
    "descripcion": "Se encontro la cotización con los criterios indicados",
    "datos": {
      "cotizacion": "38.776"
    }
  }
}
6/2/2026, 15:14:46 [info]: Received request for /api/agregartipocambio
6/2/2026, 15:14:53 [info]: Received request for /api/obtenertipocambioparacomprobante
6/2/2026, 15:14:53 [info]: 38.776
6/2/2026, 15:14:58 [info]: Endpoint historialfacturacionnc ejecutandose
6/2/2026, 15:15:04 [info]: Endpoint historialfacturacionnc ejecutandose
6/2/2026, 15:15:28 [info]: Received request for /api/previewconceptos
6/2/2026, 15:15:28 [info]: Conceptos obtenidos: [object Object],[object Object],[object Object],[object Object],[object Object],[object Object],[object Object]
6/2/2026, 15:15:49 [info]: Received request for /api/obtenertipocambioparacomprobante
6/2/2026, 15:15:49 [info]: 38.776
6/2/2026, 15:15:55 [info]: Endpoint historialfacturacionnc ejecutandose
