30/3/2026, 14:58:16 [info]: Server running on port 5001
30/3/2026, 14:58:28 [info]: Conexión exitosa a la base de datos MySQL
30/3/2026, 15:11:24 [info]: Received request for /api/guias-sin-facturar
30/3/2026, 15:11:25 [info]: Received request for /api/facturas-sin-cobrar
30/3/2026, 15:11:25 [info]: Received request for /api/obtenertipocambio
30/3/2026, 15:11:27 [info]: ✔ Cotizaciones generales: {
  "procesoCargarCotizacionesBcuResultado": {
    "resultado": "1",
    "descripcion": "Cotizaciones ingresadas correctamente",
    "datos": ""
  }
}
30/3/2026, 15:11:27 [info]: 💲 Cotización moneda 2: {
  "obtenerCotizacionResultado": {
    "resultado": "1",
    "descripcion": "Se encontro la cotización con los criterios indicados",
    "datos": {
      "cotizacion": "40.56"
    }
  }
}
30/3/2026, 15:11:27 [info]: Received request for /api/agregartipocambio
