19/12/2025, 11:18:20 [info]: Server running on port 5001
19/12/2025, 11:18:21 [info]: Conexión exitosa a la base de datos MySQL
19/12/2025, 11:19:18 [info]: Received request for /api/guias-sin-facturar
19/12/2025, 11:19:18 [info]: Received request for /api/facturas-sin-cobrar
19/12/2025, 11:19:19 [info]: Received request for /api/obtenertipocambio
19/12/2025, 11:19:21 [info]: ✔ Cotizaciones generales: {
  "procesoCargarCotizacionesBcuResultado": {
    "resultado": "1",
    "descripcion": "Cotizaciones ingresadas correctamente",
    "datos": ""
  }
}
19/12/2025, 11:19:21 [info]: 💲 Cotización moneda 2: {
  "obtenerCotizacionResultado": {
    "resultado": "1",
    "descripcion": "Se encontro la cotización con los criterios indicados",
    "datos": {
      "cotizacion": "39.182"
    }
  }
}
19/12/2025, 11:19:21 [info]: Received request for /api/agregartipocambio
19/12/2025, 11:22:21 [info]: reportedeembarquependiente, Parámetros recibidos: [object Object]
19/12/2025, 11:22:32 [info]: reportedeembarquependiente, Parámetros recibidos: [object Object]
