1/12/2025, 16:08:04 [info]: Server running on port 5001
1/12/2025, 16:08:16 [info]: Conexión exitosa a la base de datos MySQL
1/12/2025, 16:08:50 [info]: Received request for /api/guias-sin-facturar
1/12/2025, 16:08:50 [info]: Received request for /api/facturas-sin-cobrar
1/12/2025, 16:08:50 [info]: Received request for /api/obtenertipocambio
1/12/2025, 16:08:52 [info]: ✔ Cotizaciones generales: {
  "procesoCargarCotizacionesBcuResultado": {
    "resultado": "1",
    "descripcion": "Cotizaciones ingresadas correctamente",
    "datos": ""
  }
}
1/12/2025, 16:08:52 [info]: 💲 Cotización moneda 2: {
  "obtenerCotizacionResultado": {
    "resultado": "1",
    "descripcion": "Se encontro la cotización con los criterios indicados",
    "datos": {
      "cotizacion": "39.264"
    }
  }
}
1/12/2025, 16:08:52 [info]: Received request for /api/agregartipocambio
1/12/2025, 16:08:57 [info]: Received request for /api/previewnc
1/12/2025, 16:11:19 [info]: Received request for /api/previewguias
1/12/2025, 16:11:19 [info]: Received request for /api/previewguiasexpo
1/12/2025, 16:11:39 [info]: Received request for /api/obtenerguia
1/12/2025, 16:11:40 [info]: Received request for /api/obtenerexpo
1/12/2025, 16:11:40 [info]: Received request for /api/obtenerguia
1/12/2025, 16:11:40 [info]: Received request for /api/obtenerexpo
1/12/2025, 16:11:46 [info]: Received request for /api/obtenerguia
1/12/2025, 16:11:46 [info]: Received request for /api/obtenerexpo
1/12/2025, 16:11:46 [info]: Received request for /api/obtenerguia
1/12/2025, 16:11:46 [info]: Received request for /api/obtenerexpo
1/12/2025, 16:11:55 [info]: Received request for /api/obtenerguia
1/12/2025, 16:11:55 [info]: Received request for /api/obtenerexpo
1/12/2025, 16:11:55 [info]: Received request for /api/obtenerguia
1/12/2025, 16:11:55 [info]: Received request for /api/obtenerexpo
1/12/2025, 16:12:01 [info]: Received request for /api/obtenerguia
1/12/2025, 16:12:01 [info]: Received request for /api/obtenerexpo
1/12/2025, 16:12:02 [info]: Received request for /api/obtenerexpo
1/12/2025, 16:12:02 [info]: Received request for /api/obtenerguia
1/12/2025, 16:13:55 [info]: Received request for /api/previewguias
1/12/2025, 16:13:55 [info]: Received request for /api/previewguiasexpo
1/12/2025, 16:34:17 [info]: Received request for /api/previewguias
1/12/2025, 16:34:17 [info]: Received request for /api/previewguiasexpo
1/12/2025, 16:34:20 [info]: Received request for /api/obtenerguia
1/12/2025, 16:34:20 [info]: Received request for /api/obtenerexpo
1/12/2025, 16:34:20 [info]: Received request for /api/obtenerguia
1/12/2025, 16:34:20 [info]: Received request for /api/obtenerexpo
1/12/2025, 16:36:13 [info]: Received request for /api/previewguias
1/12/2025, 16:36:13 [info]: Received request for /api/previewguiasexpo
1/12/2025, 16:37:02 [info]: Received request for /api/obtenerguia
1/12/2025, 16:37:03 [info]: Received request for /api/obtenerexpo
1/12/2025, 16:37:03 [info]: Received request for /api/obtenerguia
1/12/2025, 16:37:03 [info]: Received request for /api/obtenerexpo
1/12/2025, 16:55:25 [info]: Received request for /api/obtenerguia
1/12/2025, 18:22:03 [info]: Server running on port 5001
1/12/2025, 18:22:04 [info]: Received request for /api/previewguias
1/12/2025, 18:22:04 [info]: Received request for /api/previewguiasexpo
1/12/2025, 18:22:04 [info]: Conexión exitosa a la base de datos MySQL
1/12/2025, 18:22:43 [info]: Received request for /api/obtenerguia
1/12/2025, 18:22:43 [info]: Received request for /api/obtenerexpo
1/12/2025, 18:22:43 [info]: Received request for /api/obtenerguia
1/12/2025, 18:22:43 [info]: Received request for /api/obtenerexpo
1/12/2025, 18:22:48 [info]: Received request for /api/obtenerguia
1/12/2025, 18:22:48 [info]: Received request for /api/obtenerexpo
1/12/2025, 18:22:49 [info]: Received request for /api/obtenerguia
1/12/2025, 18:22:49 [info]: Received request for /api/obtenerexpo
1/12/2025, 18:25:19 [info]: Received request for /api/obtenerguia
1/12/2025, 18:25:42 [info]: Received request for /api/obtenerguia
1/12/2025, 18:25:43 [info]: Received request for /api/obtenerguia
1/12/2025, 18:25:52 [info]: Received request for /api/obtenerguia
1/12/2025, 18:25:55 [info]: Received request for /api/obtenerguia
1/12/2025, 18:25:55 [info]: Received request for /api/obtenerexpo
1/12/2025, 18:25:55 [info]: Received request for /api/obtenerguia
1/12/2025, 18:25:55 [info]: Received request for /api/obtenerexpo
1/12/2025, 18:26:02 [info]: Received request for /api/obtenerguia
1/12/2025, 18:26:02 [info]: Received request for /api/obtenerexpo
1/12/2025, 18:26:02 [info]: Received request for /api/obtenerguia
1/12/2025, 18:26:02 [info]: Received request for /api/obtenerexpo
1/12/2025, 18:26:13 [info]: Received request for /api/obtenerguia
1/12/2025, 18:26:13 [info]: Received request for /api/obtenerexpo
1/12/2025, 18:26:14 [info]: Received request for /api/obtenerguia
1/12/2025, 18:26:14 [info]: Received request for /api/obtenerexpo
1/12/2025, 18:27:01 [info]: Received request for /api/obtenerguia
1/12/2025, 18:27:15 [info]: Received request for /api/previewguias
1/12/2025, 18:27:15 [info]: Received request for /api/previewguiasexpo
1/12/2025, 18:27:17 [info]: Received request for /api/obtenerguia
1/12/2025, 18:27:17 [info]: Received request for /api/obtenerexpo
1/12/2025, 18:27:17 [info]: Received request for /api/obtenerguia
1/12/2025, 18:27:17 [info]: Received request for /api/obtenerexpo
1/12/2025, 18:28:18 [info]: Received request for /api/obtenerguia
1/12/2025, 18:28:21 [info]: Received request for /api/obtenerguia
1/12/2025, 18:30:32 [info]: Received request for /api/obtenerguia
1/12/2025, 18:32:08 [info]: Received request for /api/obtenerguia
1/12/2025, 18:34:18 [info]: Received request for /api/obtenerguia
1/12/2025, 18:36:14 [info]: Received request for /api/obtenerguia
1/12/2025, 18:36:36 [info]: Received request for /api/obtenerguia
1/12/2025, 18:37:29 [info]: Received request for /api/obtenerguia
1/12/2025, 18:37:40 [info]: Received request for /api/obtenerguia
1/12/2025, 18:37:40 [info]: Received request for /api/obtenerexpo
1/12/2025, 18:37:40 [info]: Received request for /api/obtenerguia
1/12/2025, 18:37:40 [info]: Received request for /api/obtenerexpo
1/12/2025, 18:37:44 [info]: Received request for /api/previewguias
1/12/2025, 18:37:44 [info]: Received request for /api/previewguiasexpo
1/12/2025, 18:37:46 [info]: Received request for /api/obtenerguia
1/12/2025, 18:37:46 [info]: Received request for /api/obtenerexpo
1/12/2025, 18:37:46 [info]: Received request for /api/obtenerguia
1/12/2025, 18:37:46 [info]: Received request for /api/obtenerexpo
1/12/2025, 18:37:51 [info]: Received request for /api/previewguias
1/12/2025, 18:37:51 [info]: Received request for /api/previewguiasexpo
1/12/2025, 18:37:53 [info]: Received request for /api/obtenerguia
1/12/2025, 18:37:53 [info]: Received request for /api/obtenerexpo
1/12/2025, 18:37:53 [info]: Received request for /api/obtenerguia
1/12/2025, 18:37:53 [info]: Received request for /api/obtenerexpo
1/12/2025, 18:37:59 [info]: Received request for /api/previewguias
1/12/2025, 18:37:59 [info]: Received request for /api/previewguiasexpo
1/12/2025, 18:38:00 [info]: Received request for /api/obtenerguia
1/12/2025, 18:38:00 [info]: Received request for /api/obtenerexpo
1/12/2025, 18:38:00 [info]: Received request for /api/obtenerguia
1/12/2025, 18:38:00 [info]: Received request for /api/obtenerexpo
1/12/2025, 18:38:08 [info]: Received request for /api/previewguias
1/12/2025, 18:38:08 [info]: Received request for /api/previewguiasexpo
1/12/2025, 18:38:12 [info]: Received request for /api/obtenerguia
1/12/2025, 18:38:12 [info]: Received request for /api/obtenerexpo
1/12/2025, 18:38:12 [info]: Received request for /api/obtenerguia
1/12/2025, 18:38:12 [info]: Received request for /api/obtenerexpo
1/12/2025, 18:38:54 [info]: Received request for /api/previewguias
1/12/2025, 18:38:54 [info]: Received request for /api/previewguiasexpo
1/12/2025, 18:40:16 [info]: Received request for /api/previewguias
1/12/2025, 18:40:16 [info]: Received request for /api/previewguiasexpo
1/12/2025, 18:40:18 [info]: Received request for /api/obtenerguia
1/12/2025, 18:40:18 [info]: Received request for /api/obtenerexpo
1/12/2025, 18:40:18 [info]: Received request for /api/obtenerguia
1/12/2025, 18:40:18 [info]: Received request for /api/obtenerexpo
1/12/2025, 18:40:24 [info]: Received request for /api/obtenerguia
1/12/2025, 18:40:24 [info]: Received request for /api/obtenerexpo
1/12/2025, 18:40:24 [info]: Received request for /api/obtenerguia
1/12/2025, 18:40:24 [info]: Received request for /api/obtenerexpo
1/12/2025, 18:41:17 [info]: Received request for /api/obtenerexpo
1/12/2025, 18:41:38 [info]: Received request for /api/obtenerexpo
1/12/2025, 18:42:25 [info]: Received request for /api/obtenerguia
1/12/2025, 18:42:25 [info]: Received request for /api/obtenerexpo
1/12/2025, 18:42:25 [info]: Received request for /api/obtenerexpo
1/12/2025, 18:42:25 [info]: Received request for /api/obtenerguia
1/12/2025, 18:42:29 [info]: Received request for /api/previewguias
1/12/2025, 18:42:29 [info]: Received request for /api/previewguiasexpo
1/12/2025, 18:42:30 [info]: Received request for /api/obtenerguia
1/12/2025, 18:42:30 [info]: Received request for /api/obtenerexpo
1/12/2025, 18:42:31 [info]: Received request for /api/obtenerguia
1/12/2025, 18:42:31 [info]: Received request for /api/obtenerexpo
1/12/2025, 18:42:36 [info]: Received request for /api/previewguias
1/12/2025, 18:42:36 [info]: Received request for /api/previewguiasexpo
1/12/2025, 18:42:37 [info]: Received request for /api/obtenerguia
1/12/2025, 18:42:37 [info]: Received request for /api/obtenerexpo
1/12/2025, 18:42:37 [info]: Received request for /api/obtenerexpo
1/12/2025, 18:42:37 [info]: Received request for /api/obtenerguia
1/12/2025, 18:42:44 [info]: Received request for /api/previewguias
1/12/2025, 18:42:45 [info]: Received request for /api/previewguiasexpo
1/12/2025, 18:42:46 [info]: Received request for /api/obtenerguia
1/12/2025, 18:42:46 [info]: Received request for /api/obtenerexpo
1/12/2025, 18:42:46 [info]: Received request for /api/obtenerguia
1/12/2025, 18:42:46 [info]: Received request for /api/obtenerexpo
1/12/2025, 18:42:51 [info]: Received request for /api/previewguias
1/12/2025, 18:42:51 [info]: Received request for /api/previewguiasexpo
1/12/2025, 18:43:10 [info]: Received request for /api/obtenerexpo
1/12/2025, 18:43:10 [info]: Received request for /api/obtenerguia
1/12/2025, 18:43:10 [info]: Received request for /api/obtenerexpo
1/12/2025, 18:43:10 [info]: Received request for /api/obtenerguia
1/12/2025, 18:43:17 [info]: Received request for /api/obtenerguia
1/12/2025, 18:43:17 [info]: Received request for /api/obtenerexpo
1/12/2025, 18:43:17 [info]: Received request for /api/obtenerguia
1/12/2025, 18:43:17 [info]: Received request for /api/obtenerexpo
1/12/2025, 18:43:22 [info]: Received request for /api/obtenerguia
1/12/2025, 18:43:22 [info]: Received request for /api/obtenerexpo
1/12/2025, 18:43:22 [info]: Received request for /api/obtenerguia
1/12/2025, 18:43:22 [info]: Received request for /api/obtenerexpo
1/12/2025, 18:44:20 [info]: Received request for /api/previewguias
1/12/2025, 18:44:20 [info]: Received request for /api/previewguiasexpo
1/12/2025, 18:45:42 [info]: Received request for /api/previewguias
1/12/2025, 18:45:42 [info]: Received request for /api/previewguiasexpo
1/12/2025, 18:46:54 [info]: Received request for /api/obtenerguia
1/12/2025, 18:46:54 [info]: Received request for /api/obtenerexpo
1/12/2025, 18:46:54 [info]: Received request for /api/obtenerexpo
1/12/2025, 18:46:54 [info]: Received request for /api/obtenerguia
1/12/2025, 18:48:12 [info]: Received request for /api/previewguias
1/12/2025, 18:48:12 [info]: Received request for /api/previewguiasexpo
1/12/2025, 18:49:42 [info]: Received request for /api/previewguias
1/12/2025, 18:49:42 [info]: Received request for /api/previewguiasexpo
1/12/2025, 18:51:46 [info]: Received request for /api/obtenertipocambioparacomprobante
1/12/2025, 18:51:46 [info]: 39.264
1/12/2025, 18:51:54 [info]: Received request for /api/obtenerembarques
1/12/2025, 18:51:54 [info]: [object Object],[object Object]
1/12/2025, 18:54:09 [info]: Received request for /api/obtenertipocambioparacomprobante
1/12/2025, 18:54:09 [info]: 39.264
1/12/2025, 18:54:14 [info]: Received request for /api/obtenerembarques
1/12/2025, 18:54:14 [info]: [object Object],[object Object]
1/12/2025, 18:55:13 [info]: Received request for /api/obtenerembarques
1/12/2025, 18:55:13 [info]: [object Object],[object Object]
1/12/2025, 18:55:21 [info]: Received request for /api/obtenerembarques
1/12/2025, 18:55:21 [info]: [object Object],[object Object]
1/12/2025, 18:55:47 [info]: Received request for /api/obtenerembarques
1/12/2025, 18:55:47 [info]: [object Object],[object Object]
1/12/2025, 19:03:20 [info]: Received request for /api/previewclientes
1/12/2025, 19:05:12 [info]: Received request for /api/obtenertipocambioparacomprobante
1/12/2025, 19:05:12 [info]: 39.264
1/12/2025, 19:05:18 [info]: Endpoint historialfacturacionnc ejecutandose
1/12/2025, 19:20:45 [info]: Server running on port 5001
1/12/2025, 19:20:45 [info]: Conexión exitosa a la base de datos MySQL
1/12/2025, 19:20:51 [error]: Error procesando N/C: AggregateError
1/12/2025, 19:21:06 [info]: Received request for /api/previewnc
1/12/2025, 19:22:25 [info]: Endpoint historialfacturacionnc ejecutandose
1/12/2025, 19:22:33 [info]: N/C 71 actualizada correctamente, procediendo a impactar al WS...
1/12/2025, 19:22:33 [error]: Error reimpactando N/C: AggregateError
1/12/2025, 19:22:36 [info]: Received request for /api/previewnc
1/12/2025, 19:29:57 [info]: Received request for /api/obtenertipocambioparacomprobante
1/12/2025, 19:29:57 [info]: 39.264
1/12/2025, 19:30:02 [info]: Received request for /api/obtenerembarques
1/12/2025, 19:30:02 [info]: [object Object],[object Object]
1/12/2025, 19:32:49 [info]: Received request for /api/obtenerembarques
1/12/2025, 19:32:49 [info]: [object Object],[object Object]
1/12/2025, 19:32:58 [info]: Received request for /api/obtenerembarques
1/12/2025, 19:32:58 [info]: [object Object],[object Object]
1/12/2025, 19:33:00 [info]: Received request for /api/insertfactura
1/12/2025, 19:33:00 [info]: {
  "IdCliente": 39,
  "Nombre": "REPREMAR LOGISTICS S A",
  "RazonSocial": "REPREMAR LOGISTICS S A",
  "DireccionFiscal": "Misiones 1372",
  "CodigoGIA": "REP20",
  "Ciudad": "Montevideo",
  "Pais": "Uruguay",
  "RutCedula": "53681592",
  "ComprobanteElectronico": "efactura",
  "Comprobante": "",
  "Compania": "Airclass",
  "Electronico": "",
  "Moneda": "USD",
  "Fecha": "2025-12-01",
  "FechaVencimiento": "2025-12-01",
  "CASS": "false",
  "TipoEmbarque": "Impo",
  "TC": "39.26",
  "Subtotal": "123.15",
  "IVA": "0.00",
  "Redondeo": "0.00",
  "Total": "123.15",
  "TotalCobrar": "123.15",
  "DetalleFactura": [
    {
      "id": 42,
      "numero_guia": "123-53465784",
      "origen": "EZE",
      "destino": "MVD",
      "fecha_envio": "2025-10-06T03:00:00.000Z",
      "datosAdenda": [
        {
          "tipo": "P",
          "guia": "123-53465784",
          "id_concepto": "01",
          "descripcion": "Vuelo: VZ0104 06/10/2025 Import",
          "moneda": "USD",
          "importe": 0
        },
        {
          "tipo": "P",
          "guia": "123-53465784",
          "id_concepto": "01",
          "descripcion": "AWB: 123-53465784 EZE/EZE/MVD",
          "moneda": "USD",
          "importe": 0
        }
      ],
      "datosAdendaCA": [
        {
          "tipo": "P",
          "guia": "123-53465784",
          "id_concepto": 0,
          "descripcion": "Airclass",
          "moneda": "USD",
          "importe": 0
        },
        {
          "tipo": "P",
          "guia": "123-53465784",
          "id_concepto": 0,
          "descripcion": "Vuelo: VZ0104 06/10/2025  AWB: 123-53465784",
          "moneda": "USD",
          "importe": 0
        }
      ],
      "conceptos": [
        {
          "tipo": "P",
          "guia": "123-53465784",
          "id_concepto": "01",
          "descripcion": "VZ - Verificación de Carga:",
          "moneda": "USD",
          "importe": "123.00"
        },
        {
          "tipo": "P",
          "guia": "123-53465784",
          "id_concepto": "08",
          "descripcion": "VZ - Redondeo:",
          "moneda": "USD",
          "importe": "0.15"
        }
      ],
      "conceptos_cuentaajena": [
        {
          "tipo": "P",
          "guia": "123-53465784",
          "id_concepto": "02",
          "descripcion": "VZ - Iva Sobre Flete",
          "moneda": "USD",
          "importe": "99.85"
        }
      ]
    }
  ],
  "EmbarquesSeleccionados": [
    {
      "idguia": 42,
      "nrovuelo": "16",
      "fechavuelo": "2025-10-06T03:00:00.000Z",
      "origenvuelo": "EZE",
      "guia": "123-53465784",
      "emision": "2025-10-14T03:00:00.000Z",
      "consignatario": "REPREMAR LOGISTICS S A",
      "origenguia": "EZE",
      "conexionguia": "EZE",
      "destinoguia": "MVD",
      "tipodepagoguia": "P",
      "mercaderia": "1231d12",
      "piezas": 12312,
      "peso": 123,
      "pesovolumetrico": "123.00",
      "moneda": "USD",
      "arbitraje": "1.00",
      "tarifa": "123.00",
      "fleteoriginal": "15129.00",
      "dcoriginal": "123.00",
      "daoriginal": "123.00",
      "flete": "15129.00",
      "ivas3": "99.85",
      "duecarrier": "123.00",
      "dueagent": "123.00",
      "verificacion": "123.00",
      "collectfee": "0.00",
      "cfiva": "0.00",
      "ajuste": "0.15",
      "total": "223.00",
      "totalguia": "15375.00",
      "fechaingresada": "2025-10-14T17:30:17.000Z",
      "Tipo": "IMPO",
      "facturada": 0,
      "idfactura": null,
      "idfacturacuentaajena": null,
      "nombreVuelo": "VZ0104",
      "empresavuelo": "Airclass",
      "fechavuelo_formateada": "06/10/2025"
    }
  ],
  "SubtotalCuentaAjena": "99.85",
  "IVACuentaAjena": "0.00",
  "TotalCuentaAjena": "99.85",
  "RedondeoCuentaAjena": "0.15",
  "TotalCobrarCuentaAjena": "99.85"
}
1/12/2025, 19:33:00 [info]: Moneda en el back:  USD
1/12/2025, 19:33:00 [info]: Tipo de comprobante desde front efactura Comprobante Convertido FCT
1/12/2025, 19:33:00 [info]: Datos recibidos en el backend: {
  "IdCliente": 39,
  "Nombre": "REPREMAR LOGISTICS S A",
  "RazonSocial": "REPREMAR LOGISTICS S A",
  "DireccionFiscal": "Misiones 1372",
  "CodigoGIA": "REP20",
  "Ciudad": "Montevideo",
  "Pais": "Uruguay",
  "RutCedula": "53681592",
  "ComprobanteElectronico": "efactura",
  "Comprobante": "",
  "Compania": "Airclass",
  "Electronico": "",
  "Moneda": "USD",
  "Fecha": "2025-12-01",
  "FechaVencimiento": "2025-12-01",
  "CASS": "false",
  "TipoEmbarque": "Impo",
  "TC": "39.26",
  "Subtotal": "123.15",
  "IVA": "0.00",
  "Redondeo": "0.00",
  "Total": "123.15",
  "TotalCobrar": "123.15",
  "DetalleFactura": [
    {
      "id": 42,
      "numero_guia": "123-53465784",
      "origen": "EZE",
      "destino": "MVD",
      "fecha_envio": "2025-10-06T03:00:00.000Z",
      "datosAdenda": [
        {
          "tipo": "P",
          "guia": "123-53465784",
          "id_concepto": "01",
          "descripcion": "Vuelo: VZ0104 06/10/2025 Import",
          "moneda": "USD",
          "importe": 0
        },
        {
          "tipo": "P",
          "guia": "123-53465784",
          "id_concepto": "01",
          "descripcion": "AWB: 123-53465784 EZE/EZE/MVD",
          "moneda": "USD",
          "importe": 0
        }
      ],
      "datosAdendaCA": [
        {
          "tipo": "P",
          "guia": "123-53465784",
          "id_concepto": 0,
          "descripcion": "Airclass",
          "moneda": "USD",
          "importe": 0
        },
        {
          "tipo": "P",
          "guia": "123-53465784",
          "id_concepto": 0,
          "descripcion": "Vuelo: VZ0104 06/10/2025  AWB: 123-53465784",
          "moneda": "USD",
          "importe": 0
        }
      ],
      "conceptos": [
        {
          "tipo": "P",
          "guia": "123-53465784",
          "id_concepto": "01",
          "descripcion": "VZ - Verificación de Carga:",
          "moneda": "USD",
          "importe": "123.00"
        },
        {
          "tipo": "P",
          "guia": "123-53465784",
          "id_concepto": "08",
          "descripcion": "VZ - Redondeo:",
          "moneda": "USD",
          "importe": "0.15"
        }
      ],
      "conceptos_cuentaajena": [
        {
          "tipo": "P",
          "guia": "123-53465784",
          "id_concepto": "02",
          "descripcion": "VZ - Iva Sobre Flete",
          "moneda": "USD",
          "importe": "99.85"
        }
      ]
    }
  ],
  "EmbarquesSeleccionados": [
    {
      "idguia": 42,
      "nrovuelo": "16",
      "fechavuelo": "2025-10-06T03:00:00.000Z",
      "origenvuelo": "EZE",
      "guia": "123-53465784",
      "emision": "2025-10-14T03:00:00.000Z",
      "consignatario": "REPREMAR LOGISTICS S A",
      "origenguia": "EZE",
      "conexionguia": "EZE",
      "destinoguia": "MVD",
      "tipodepagoguia": "P",
      "mercaderia": "1231d12",
      "piezas": 12312,
      "peso": 123,
      "pesovolumetrico": "123.00",
      "moneda": "USD",
      "arbitraje": "1.00",
      "tarifa": "123.00",
      "fleteoriginal": "15129.00",
      "dcoriginal": "123.00",
      "daoriginal": "123.00",
      "flete": "15129.00",
      "ivas3": "99.85",
      "duecarrier": "123.00",
      "dueagent": "123.00",
      "verificacion": "123.00",
      "collectfee": "0.00",
      "cfiva": "0.00",
      "ajuste": "0.15",
      "total": "223.00",
      "totalguia": "15375.00",
      "fechaingresada": "2025-10-14T17:30:17.000Z",
      "Tipo": "IMPO",
      "facturada": 0,
      "idfactura": null,
      "idfacturacuentaajena": null,
      "nombreVuelo": "VZ0104",
      "empresavuelo": "Airclass",
      "fechavuelo_formateada": "06/10/2025"
    }
  ],
  "SubtotalCuentaAjena": "99.85",
  "IVACuentaAjena": "0.00",
  "TotalCuentaAjena": "99.85",
  "RedondeoCuentaAjena": "0.15",
  "TotalCobrarCuentaAjena": "99.85"
}
1/12/2025, 19:33:00 [info]: Moneda antes de adenda:  USD
1/12/2025, 19:33:01 [info]: 🔹 [generarAdendaConConceptos] Parámetros recibidos:
1/12/2025, 19:33:01 [info]:   → numerodoc: 607
1/12/2025, 19:33:01 [info]:   → monto: 123.15
1/12/2025, 19:33:01 [info]:   → moneda: USD
1/12/2025, 19:33:01 [info]:   → detalleFactura: [object Object],[object Object]
1/12/2025, 19:33:01 [info]: ✅ [generarAdendaConConceptos] Resultado final: Doc:607 - Son dólares americanos U$S ciento veintitres  con quince centavos&#10;&#10;Vuelo: VZ0104 06/10/2025 Import | AWB: 123-53465784 EZE/EZE/MVD
1/12/2025, 19:33:01 [info]: 🔹 [generarAdendaConConceptos] Parámetros recibidos:
1/12/2025, 19:33:01 [info]:   → numerodoc: 608
1/12/2025, 19:33:01 [info]:   → monto: 99.85
1/12/2025, 19:33:01 [info]:   → moneda: USD
1/12/2025, 19:33:01 [info]:   → detalleFactura: [object Object],[object Object]
1/12/2025, 19:33:01 [info]: ✅ [generarAdendaConConceptos] Resultado final: Doc:608 - Son dólares americanos U$S noventa y nueve  con ochenta y cinco centavos&#10;&#10;Airclass | Vuelo: VZ0104 06/10/2025  AWB: 123-53465784
1/12/2025, 19:33:01 [info]: ESTOS SON LOS DATOS: [object Object]
1/12/2025, 19:33:01 [info]: ➡ Generando XML con generarXmlefacimpopp (Factura normal)
1/12/2025, 19:33:01 [info]: GENERANDO XML EFACTURA: [object Object]
1/12/2025, 19:33:01 [info]: XML Generado EFACTURA: <soapenv:Envelope xmlns:soapenv="http://schemas.xmlsoap.org/soap/envelope/" xmlns:soap="http://soap/">
   <soapenv:Header/>
   <soapenv:Body>
      <soap:agregarDocumentoFacturacion>
         <!--Optional:-->
         <xmlParametros>
            <![CDATA[
                <agregarDocumentoFacturacionParametros>
                <usuario>IT</usuario>
                <usuarioPassword>R3pr3m4r</usuarioPassword>
                <empresa>KI</empresa>
                <documento>
                <fechaDocumento>2025-12-01</fechaDocumento>
                <tipoDocumento>FCT</tipoDocumento>

                <cliente>REP20</cliente>
                <moneda>2</moneda>
                <fechaVencimiento>2025-12-01</fechaVencimiento>
                <descripcion>Doc:607 - Son dólares americanos U$S ciento veintitres  con quince centavos&#10;&#10;Vuelo: VZ0104 06/10/2025 Import | AWB: 123-53465784 EZE/EZE/MVD</descripcion>
                <autonumerar>S</autonumerar>
                <renglones>

                
                <renglon>
                <producto>01</producto>
                <nombreProducto>VZ - Verificación de Carga:</nombreProducto>
                <cantidad>1</cantidad>
                <precioUnitario>123.00</precioUnitario>
                </renglon>
            
                <renglon>
                <producto>08</producto>
                <nombreProducto>VZ - Redondeo:</nombreProducto>
                <cantidad>1</cantidad>
                <precioUnitario>0.15</precioUnitario>
                </renglon>
            

                </renglones>
                </documento>
                </agregarDocumentoFacturacionParametros>
            ]]>
</xmlParametros>
      </soap:agregarDocumentoFacturacion>
   </soapenv:Body>
</soapenv:Envelope>
1/12/2025, 19:33:01 [info]: ESTOS SON LOS DATOSca: [object Object]
1/12/2025, 19:33:01 [info]: GENERANDO XML EFACTURA CUENTA AJENA: [object Object]
1/12/2025, 19:33:01 [info]: XML Generado EFACTURA CUENTA AJENA: <soapenv:Envelope xmlns:soapenv="http://schemas.xmlsoap.org/soap/envelope/" xmlns:soap="http://soap/">
   <soapenv:Header/>
   <soapenv:Body>
      <soap:agregarDocumentoFacturacion>
         <!--Optional:-->
         <xmlParametros>
            <![CDATA[
                <agregarDocumentoFacturacionParametros>
                <usuario>IT</usuario>
                <usuarioPassword>R3pr3m4r</usuarioPassword>
                <empresa>KI</empresa>
                <documento>
                <fechaDocumento>2025-12-01</fechaDocumento>
                <tipoDocumento>FTA</tipoDocumento>

                <cliente>REP20</cliente>
                <moneda>2</moneda>
                <fechaVencimiento>2025-12-01</fechaVencimiento>
                <descripcion>Doc:608 - Son dólares americanos U$S noventa y nueve  con ochenta y cinco centavos&#10;&#10;Airclass | Vuelo: VZ0104 06/10/2025  AWB: 123-53465784</descripcion>
                <elemento1>AIRCLASS</elemento1>
                <autonumerar>S</autonumerar>
                <puntoVenta></puntoVenta>
                <renglones>

                
                <renglon>
                <producto>02</producto>
                <nombreProducto>VZ - Iva Sobre Flete</nombreProducto>
                <cantidad>1</cantidad>
                <precioUnitario>99.85</precioUnitario>
                </renglon>
            

                </renglones>
                </documento>
                </agregarDocumentoFacturacionParametros>
            ]]>
</xmlParametros>
      </soap:agregarDocumentoFacturacion>
   </soapenv:Body>
</soapenv:Envelope>
1/12/2025, 19:33:01 [info]: Procesando FacuturaSoap
1/12/2025, 19:33:23 [error]: Error en /api/insertfactura: Error: connect ETIMEDOUT 10.0.10.16:8082
1/12/2025, 19:34:52 [info]: Received request for /api/obtenertipocambioparacomprobante
1/12/2025, 19:34:52 [info]: 39.264
