3/12/2025, 14:19:52 [info]: Server running on port 5001
3/12/2025, 14:19:53 [info]: Conexión exitosa a la base de datos MySQL
3/12/2025, 14:20:00 [info]: ⏰ Ejecutando cierre diario...
3/12/2025, 14:20:00 [info]: ✅ Cierre diario guardado: 3/12/2025, 2:20:00 p. m.
3/12/2025, 14:20:05 [info]: 📧 Correo enviado: 250 2.0.0 OK  1764782404 a1e0cc1a2514c-93cd768450csm8000318241.14 - gsmtp
3/12/2025, 14:23:34 [info]: Server running on port 5001
3/12/2025, 14:23:34 [info]: Conexión exitosa a la base de datos MySQL
3/12/2025, 14:24:00 [info]: ⏰ Ejecutando cierre diario...
3/12/2025, 14:24:00 [info]: ✅ Cierre diario guardado: 3/12/2025, 2:24:00 p. m.
3/12/2025, 14:24:05 [info]: 📧 Correo enviado: 250 2.0.0 OK  1764782644 d2e1a72fcca58-7d15f17602csm20887475b3a.56 - gsmtp
3/12/2025, 14:35:39 [info]: Received request for /api/guias-sin-facturar
3/12/2025, 14:35:39 [info]: Received request for /api/facturas-sin-cobrar
3/12/2025, 14:35:40 [info]: Received request for /api/obtenertipocambio
3/12/2025, 14:35:41 [info]: ✔ Cotizaciones generales: {
  "procesoCargarCotizacionesBcuResultado": {
    "resultado": "2",
    "descripcion": "No se ha definido una moneda principal en la empresa.",
    "datos": ""
  }
}
3/12/2025, 14:35:41 [info]: 💲 Cotización moneda 2: {
  "obtenerCotizacionResultado": {
    "resultado": "2",
    "descripcion": "Cotización no encontrada para la moneda 2 en la fecha 03/12/2025.",
    "datos": ""
  }
}
3/12/2025, 14:36:04 [info]: Received request for /api/previewguias
3/12/2025, 14:36:04 [info]: Received request for /api/previewguiasexpo
3/12/2025, 14:36:28 [info]: Received request for /api/previewguias
3/12/2025, 14:36:28 [info]: Received request for /api/previewguiasexpo
3/12/2025, 14:55:41 [info]: Received request for /api/previewguias
3/12/2025, 14:55:41 [info]: Received request for /api/previewguiasexpo
3/12/2025, 14:55:58 [info]: Received request for /api/previewguias
3/12/2025, 14:55:58 [info]: Received request for /api/previewguiasexpo
3/12/2025, 14:58:37 [info]: Received request for /api/previewfacturas
3/12/2025, 15:05:21 [info]: Server running on port 5001
3/12/2025, 15:05:21 [info]: Conexión exitosa a la base de datos MySQL
3/12/2025, 15:05:47 [info]: Received request for /api/previewfacturas
3/12/2025, 15:07:13 [info]: Received request for /api/previewfacturas
3/12/2025, 15:07:37 [info]: Received request for /api/previewfacturas
3/12/2025, 15:11:43 [info]: Received request for /api/previewfacturas
3/12/2025, 15:12:36 [info]: Received request for /api/previewfacturas
3/12/2025, 15:21:35 [info]: Received request for /api/previewfacturas
3/12/2025, 15:22:06 [info]: Received request for /api/previewfacturas
3/12/2025, 15:22:40 [info]: Received request for /api/previewfacturas
3/12/2025, 15:24:04 [info]: Received request for /api/previewfacturas
3/12/2025, 15:24:48 [info]: Received request for /api/previewfacturas
3/12/2025, 15:45:43 [info]: Received request for /api/previewfacturas
3/12/2025, 15:46:12 [info]: Received request for /api/previewguias
3/12/2025, 15:46:12 [info]: Received request for /api/previewguiasexpo
3/12/2025, 15:55:06 [info]: Server running on port 5001
3/12/2025, 15:55:06 [info]: Conexión exitosa a la base de datos MySQL
3/12/2025, 15:57:44 [info]: Received request for /api/previewguias
3/12/2025, 15:57:44 [info]: Received request for /api/previewguiasexpo
3/12/2025, 16:00:30 [info]: Received request for /api/fetchguias
3/12/2025, 16:09:24 [info]: Received request for /api/insertguiaimpo
3/12/2025, 16:09:25 [info]: Received request for /api/fetchguias
3/12/2025, 16:09:28 [info]: Received request for /api/obtenerguia
3/12/2025, 16:09:28 [info]: Received request for /api/obtenerguia
3/12/2025, 16:09:31 [info]: Received request for /api/obtenerguia
3/12/2025, 16:09:31 [info]: Received request for /api/obtenerguia
3/12/2025, 16:09:35 [info]: Received request for /api/obtenerguia
3/12/2025, 16:09:35 [info]: Received request for /api/obtenerguia
3/12/2025, 16:10:18 [info]: Received request for /api/previewguias
3/12/2025, 16:10:18 [info]: Received request for /api/previewguiasexpo
3/12/2025, 16:10:22 [info]: Received request for /api/obtenerguia
3/12/2025, 16:10:22 [info]: Received request for /api/obtenerexpo
3/12/2025, 16:10:22 [info]: Received request for /api/obtenerexpo
3/12/2025, 16:10:22 [info]: Received request for /api/obtenerguia
3/12/2025, 16:10:27 [info]: Received request for /api/obtenerguia
3/12/2025, 16:10:27 [info]: Received request for /api/obtenerexpo
3/12/2025, 16:10:27 [info]: Received request for /api/obtenerguia
3/12/2025, 16:10:27 [info]: Received request for /api/obtenerexpo
3/12/2025, 16:10:29 [info]: Received request for /api/obtenerguia
3/12/2025, 16:10:29 [info]: Received request for /api/obtenerexpo
3/12/2025, 16:10:29 [info]: Received request for /api/obtenerguia
3/12/2025, 16:10:29 [info]: Received request for /api/obtenerexpo
3/12/2025, 16:10:32 [info]: Received request for /api/obtenerguia
3/12/2025, 16:10:32 [info]: Received request for /api/obtenerexpo
3/12/2025, 16:10:32 [info]: Received request for /api/obtenerguia
3/12/2025, 16:10:32 [info]: Received request for /api/obtenerexpo
3/12/2025, 16:10:41 [info]: Received request for /api/obtenerguia
3/12/2025, 16:10:41 [info]: Received request for /api/obtenerexpo
3/12/2025, 16:10:42 [info]: Received request for /api/obtenerexpo
3/12/2025, 16:10:42 [info]: Received request for /api/obtenerguia
3/12/2025, 16:11:10 [info]: Received request for /api/previewguias
3/12/2025, 16:11:10 [info]: Received request for /api/previewguiasexpo
3/12/2025, 16:11:13 [info]: Received request for /api/obtenerguia
3/12/2025, 16:11:13 [info]: Received request for /api/obtenerexpo
3/12/2025, 16:11:13 [info]: Received request for /api/obtenerguia
3/12/2025, 16:11:13 [info]: Received request for /api/obtenerexpo
3/12/2025, 16:11:50 [info]: Received request for /api/obtenerguia
3/12/2025, 16:11:50 [info]: Received request for /api/obtenerexpo
3/12/2025, 16:11:50 [info]: Received request for /api/obtenerexpo
3/12/2025, 16:11:50 [info]: Received request for /api/obtenerguia
3/12/2025, 16:25:31 [info]: Received request for /api/obtenerguia
3/12/2025, 16:26:05 [info]: Received request for /api/obtenerguia
3/12/2025, 16:26:19 [info]: Received request for /api/obtenerguia
3/12/2025, 16:26:19 [info]: Received request for /api/obtenerexpo
3/12/2025, 16:26:19 [info]: Received request for /api/obtenerguia
3/12/2025, 16:26:19 [info]: Received request for /api/obtenerexpo
3/12/2025, 16:27:38 [info]: Received request for /api/obtenerguia
3/12/2025, 16:27:38 [info]: Received request for /api/obtenerexpo
3/12/2025, 16:27:38 [info]: Received request for /api/obtenerguia
3/12/2025, 16:27:38 [info]: Received request for /api/obtenerexpo
3/12/2025, 16:31:20 [info]: Received request for /api/obtenerguia
3/12/2025, 16:31:20 [info]: Received request for /api/obtenerexpo
3/12/2025, 16:31:20 [info]: Received request for /api/obtenerguia
3/12/2025, 16:31:20 [info]: Received request for /api/obtenerexpo
3/12/2025, 16:33:50 [info]: Received request for /api/obtenerguia
3/12/2025, 16:33:53 [info]: Received request for /api/previewguias
3/12/2025, 16:33:53 [info]: Received request for /api/previewguiasexpo
3/12/2025, 16:33:56 [info]: Received request for /api/obtenerguia
3/12/2025, 16:33:56 [info]: Received request for /api/obtenerexpo
3/12/2025, 16:33:56 [info]: Received request for /api/obtenerguia
3/12/2025, 16:33:56 [info]: Received request for /api/obtenerexpo
3/12/2025, 16:34:36 [info]: Received request for /api/previewguias
3/12/2025, 16:34:37 [info]: Received request for /api/previewguiasexpo
3/12/2025, 16:34:42 [info]: Received request for /api/obtenerguia
3/12/2025, 16:34:42 [info]: Received request for /api/obtenerexpo
3/12/2025, 16:34:42 [info]: Received request for /api/obtenerguia
3/12/2025, 16:34:42 [info]: Received request for /api/obtenerexpo
3/12/2025, 16:34:56 [info]: Received request for /api/previewguias
3/12/2025, 16:34:56 [info]: Received request for /api/previewguiasexpo
3/12/2025, 16:34:59 [info]: Received request for /api/obtenerguia
3/12/2025, 16:34:59 [info]: Received request for /api/obtenerexpo
3/12/2025, 16:34:59 [info]: Received request for /api/obtenerexpo
3/12/2025, 16:34:59 [info]: Received request for /api/obtenerguia
3/12/2025, 16:36:30 [info]: Received request for /api/obtenerguia
3/12/2025, 16:36:30 [info]: Received request for /api/obtenerexpo
3/12/2025, 16:36:30 [info]: Received request for /api/obtenerguia
3/12/2025, 16:36:30 [info]: Received request for /api/obtenerexpo
3/12/2025, 16:38:03 [info]: Received request for /api/obtenerguia
3/12/2025, 16:38:03 [info]: Received request for /api/obtenerexpo
3/12/2025, 16:38:03 [info]: Received request for /api/obtenerexpo
3/12/2025, 16:38:03 [info]: Received request for /api/obtenerguia
3/12/2025, 16:39:29 [info]: Received request for /api/fetchguias
3/12/2025, 16:41:46 [info]: Received request for /api/fetchguias
3/12/2025, 16:42:06 [info]: Received request for /api/fetchguias
3/12/2025, 16:52:01 [info]: Received request for /api/fetchguias
