5/12/2025, 09:59:22 [info]: Server running on port 5001
5/12/2025, 09:59:23 [info]: Conexión exitosa a la base de datos MySQL
5/12/2025, 09:59:33 [info]: Received request for /api/guias-sin-facturar
5/12/2025, 09:59:34 [info]: Received request for /api/facturas-sin-cobrar
5/12/2025, 09:59:34 [info]: Received request for /api/obtenertipocambio
5/12/2025, 09:59:35 [info]: ✔ Cotizaciones generales: {
  "procesoCargarCotizacionesBcuResultado": {
    "resultado": "2",
    "descripcion": "No se ha definido una moneda principal en la empresa.",
    "datos": ""
  }
}
5/12/2025, 09:59:35 [info]: 💲 Cotización moneda 2: {
  "obtenerCotizacionResultado": {
    "resultado": "2",
    "descripcion": "Cotización no encontrada para la moneda 2 en la fecha 05/12/2025.",
    "datos": ""
  }
}
5/12/2025, 09:59:49 [info]: Received request for /api/historialfac/39
5/12/2025, 09:59:49 [info]: 🟢 ID Cliente recibido: 39 string
5/12/2025, 09:59:49 [info]: Calculando saldo total para el cliente 39
5/12/2025, 10:00:03 [info]: Received request for /api/insertrecibo
5/12/2025, 10:00:03 [info]: 📤 Datos que se enviarán a la BD (tabla pagos):
5/12/2025, 10:00:03 [info]: Query: 
        INSERT INTO pagos (idrecibo, fecha, formapago, banco, nro_pago, moneda, importe, vencimiento)
        VALUES ?
    
5/12/2025, 10:00:03 [info]: Valores: [
  [
    212,
    "2025-12-05",
    "DOCVZ",
    "bandes",
    "1",
    "USD",
    "150.22",
    "2025-12-05"
  ]
]
5/12/2025, 10:00:03 [info]: Recibo y pagos insertados correctamente
5/12/2025, 10:00:03 [info]: Actualizando factura 518 con idrecibo: 212
5/12/2025, 10:00:04 [info]: Datos recibidos para insertar en cuenta corriente:
5/12/2025, 10:00:04 [info]: idcliente: 39
5/12/2025, 10:00:04 [info]: fecha: 2025-12-05
5/12/2025, 10:00:04 [info]: tipodocumento: Recibo
5/12/2025, 10:00:04 [info]: numerorecibo: 84
5/12/2025, 10:00:04 [info]: moneda: USD
5/12/2025, 10:00:04 [info]: debe: 0
5/12/2025, 10:00:04 [info]: haber: 150.22
5/12/2025, 10:00:04 [info]: ImpactarRecibo endpoint alcanzado
5/12/2025, 10:00:04 [info]: ID RECIBIDO: 212
5/12/2025, 10:00:04 [info]: TOTAL FORMAS PAGO: 150.22
5/12/2025, 10:00:04 [info]: TOTAL CANCELACIONES: 150.22
5/12/2025, 10:00:04 [info]: MONEDA A USAR: 2
5/12/2025, 10:00:04 [info]: GENERANDO XML RECIBO: [object Object]
5/12/2025, 10:00:04 [info]: XML Generado RECIBO: <soapenv:Envelope xmlns:soapenv="http://schemas.xmlsoap.org/soap/envelope/" xmlns:soap="http://soap/">
   <soapenv:Header/>
   <soapenv:Body>
      <soap:agregarDocumentoFacturacion>
         <xmlParametros><![CDATA[
                <agregarDocumentoFacturacionParametros>
                <usuario>IT</usuario>
                <usuarioPassword>R3pr3m4r</usuarioPassword>
                <empresa>KI</empresa>
                    <documento>
                        <fechaDocumento>2025-12-05</fechaDocumento>
                        <tipoDocumento>RECVTAS</tipoDocumento>
                        <cliente>REP20</cliente>
                        <moneda>2</moneda>
                        
                        <fechaVencimiento>2025-12-05</fechaVencimiento>
                        <descripcion>Son dólares americanos U$S ciento cincuenta  con veintidos centavos</descripcion>
                        <renglones>
	                        
    <renglon>
        <producto>REC</producto>
        <nombreProducto>Cancelación de Facturas</nombreProducto>
        <cantidad>1</cantidad>
        <precioUnitario>150.22</precioUnitario>
    </renglon>

                        </renglones>
                        <cancelaciones>
                            
            <cancelacion>
                <rubroAfectado>113102</rubroAfectado>
                <tipoDocumentoAfectado>TCD</tipoDocumentoAfectado>
                <comprobanteAfectado>60065</comprobanteAfectado>
                <vencimientoAfectado>2025-10-07</vencimientoAfectado>
                <importe>150.22</importe>
            </cancelacion>
                        </cancelaciones>
                        <formasPago>
                            
    <formaPago>
        <formaPago>DOCVZ</formaPago>
        <importe>150.22</importe>
    </formaPago>
                        </formasPago>
                    </documento>
                </agregarDocumentoFacturacionParametros>
            ]]></xmlParametros>
      </soap:agregarDocumentoFacturacion>
   </soapenv:Body>
</soapenv:Envelope>
5/12/2025, 10:00:04 [info]: Impactando Recibo, XML:  <soapenv:Envelope xmlns:soapenv="http://schemas.xmlsoap.org/soap/envelope/" xmlns:soap="http://soap/">
   <soapenv:Header/>
   <soapenv:Body>
      <soap:agregarDocumentoFacturacion>
         <xmlParametros><![CDATA[
                <agregarDocumentoFacturacionParametros>
                <usuario>IT</usuario>
                <usuarioPassword>R3pr3m4r</usuarioPassword>
                <empresa>KI</empresa>
                    <documento>
                        <fechaDocumento>2025-12-05</fechaDocumento>
                        <tipoDocumento>RECVTAS</tipoDocumento>
                        <cliente>REP20</cliente>
                        <moneda>2</moneda>
                        
                        <fechaVencimiento>2025-12-05</fechaVencimiento>
                        <descripcion>Son dólares americanos U$S ciento cincuenta  con veintidos centavos</descripcion>
                        <renglones>
	                        
    <renglon>
        <producto>REC</producto>
        <nombreProducto>Cancelación de Facturas</nombreProducto>
        <cantidad>1</cantidad>
        <precioUnitario>150.22</precioUnitario>
    </renglon>

                        </renglones>
                        <cancelaciones>
                            
            <cancelacion>
                <rubroAfectado>113102</rubroAfectado>
                <tipoDocumentoAfectado>TCD</tipoDocumentoAfectado>
                <comprobanteAfectado>60065</comprobanteAfectado>
                <vencimientoAfectado>2025-10-07</vencimientoAfectado>
                <importe>150.22</importe>
            </cancelacion>
                        </cancelaciones>
                        <formasPago>
                            
    <formaPago>
        <formaPago>DOCVZ</formaPago>
        <importe>150.22</importe>
    </formaPago>
                        </formasPago>
                    </documento>
                </agregarDocumentoFacturacionParametros>
            ]]></xmlParametros>
      </soap:agregarDocumentoFacturacion>
   </soapenv:Body>
</soapenv:Envelope>
5/12/2025, 10:00:05 [info]: Datos recibidos: [object Object]
5/12/2025, 11:28:28 [info]: Received request for /api/guias-sin-facturar
5/12/2025, 11:28:28 [info]: Received request for /api/facturas-sin-cobrar
5/12/2025, 11:28:28 [info]: Received request for /api/obtenertipocambio
5/12/2025, 11:28:29 [info]: ✔ Cotizaciones generales: {
  "procesoCargarCotizacionesBcuResultado": {
    "resultado": "2",
    "descripcion": "No se ha definido una moneda principal en la empresa.",
    "datos": ""
  }
}
5/12/2025, 11:28:29 [info]: 💲 Cotización moneda 2: {
  "obtenerCotizacionResultado": {
    "resultado": "2",
    "descripcion": "Cotización no encontrada para la moneda 2 en la fecha 05/12/2025.",
    "datos": ""
  }
}
5/12/2025, 11:28:54 [info]: Received request for /api/previewclientes
5/12/2025, 11:29:13 [info]: Received request for /api/obtenerclientes/6452
5/12/2025, 11:29:13 [info]: Cliente encontrado: [object Object]
5/12/2025, 11:29:24 [info]: Received request for /api/previewclientes
5/12/2025, 11:29:30 [info]: Received request for /api/obtenertipocambioparacomprobante
5/12/2025, 11:29:30 [info]: No hay tipo de cambio para la fecha actual
5/12/2025, 11:29:31 [info]: Received request for /api/guias-sin-facturar
5/12/2025, 11:29:31 [info]: Received request for /api/facturas-sin-cobrar
5/12/2025, 11:29:31 [info]: Received request for /api/obtenertipocambio
5/12/2025, 11:29:32 [info]: ✔ Cotizaciones generales: {
  "procesoCargarCotizacionesBcuResultado": {
    "resultado": "2",
    "descripcion": "No se ha definido una moneda principal en la empresa.",
    "datos": ""
  }
}
5/12/2025, 11:29:32 [info]: 💲 Cotización moneda 2: {
  "obtenerCotizacionResultado": {
    "resultado": "2",
    "descripcion": "Cotización no encontrada para la moneda 2 en la fecha 05/12/2025.",
    "datos": ""
  }
}
5/12/2025, 11:29:38 [info]: Received request for /api/obtenertipocambio
5/12/2025, 11:29:50 [info]: Received request for /api/agregartipocambio
5/12/2025, 11:29:50 [info]: Received request for /api/obtenertipocambio
5/12/2025, 11:30:06 [info]: Received request for /api/obtenertipocambioparacomprobante
5/12/2025, 11:30:07 [info]: 39.097
5/12/2025, 11:30:43 [info]: Received request for /api/historialfac/6452
5/12/2025, 11:30:43 [info]: 🟢 ID Cliente recibido: 6452 string
5/12/2025, 11:30:43 [info]: No hay facturas emitidas para este cliente
5/12/2025, 11:30:43 [info]: Calculando saldo total para el cliente 6452
5/12/2025, 11:31:53 [info]: Received request for /api/obtenertipocambioparacomprobante
5/12/2025, 11:31:54 [info]: 39.097
5/12/2025, 11:32:42 [info]: Received request for /api/historialfac/6452
5/12/2025, 11:32:42 [info]: 🟢 ID Cliente recibido: 6452 string
5/12/2025, 11:32:42 [info]: No hay facturas emitidas para este cliente
5/12/2025, 11:32:42 [info]: Calculando saldo total para el cliente 6452
5/12/2025, 11:34:32 [info]: Received request for /api/historialfac/6452
5/12/2025, 11:34:32 [info]: 🟢 ID Cliente recibido: 6452 string
5/12/2025, 11:34:32 [info]: Calculando saldo total para el cliente 6452
5/12/2025, 11:34:32 [info]: No hay facturas emitidas para este cliente
5/12/2025, 11:34:55 [info]: Received request for /api/historialfac/6452
5/12/2025, 11:34:55 [info]: 🟢 ID Cliente recibido: 6452 string
5/12/2025, 11:34:55 [info]: No hay facturas emitidas para este cliente
5/12/2025, 11:34:55 [info]: Calculando saldo total para el cliente 6452
5/12/2025, 11:39:22 [info]: Received request for /api/historialfac/6452
5/12/2025, 11:39:22 [info]: 🟢 ID Cliente recibido: 6452 string
5/12/2025, 11:39:22 [info]: Calculando saldo total para el cliente 6452
5/12/2025, 11:39:22 [info]: No hay facturas emitidas para este cliente
5/12/2025, 11:39:29 [info]: Received request for /api/historialfac/39
5/12/2025, 11:39:29 [info]: 🟢 ID Cliente recibido: 39 string
5/12/2025, 11:39:29 [info]: Calculando saldo total para el cliente 39
5/12/2025, 11:43:16 [info]: Received request for /api/historialfac/6452
5/12/2025, 11:43:16 [info]: 🟢 ID Cliente recibido: 6452 string
5/12/2025, 11:43:16 [info]: Calculando saldo total para el cliente 6452
5/12/2025, 11:43:16 [info]: No hay facturas emitidas para este cliente
5/12/2025, 11:53:35 [info]: Received request for /api/historialfac/39
5/12/2025, 11:53:35 [info]: 🟢 ID Cliente recibido: 39 string
5/12/2025, 11:53:35 [info]: Calculando saldo total para el cliente 39
5/12/2025, 11:56:23 [info]: Received request for /api/historialfac/39
5/12/2025, 11:56:23 [info]: 🟢 ID Cliente recibido: 39 string
5/12/2025, 11:56:23 [info]: Calculando saldo total para el cliente 39
5/12/2025, 11:56:59 [info]: Received request for /api/historialfac/39
5/12/2025, 11:56:59 [info]: 🟢 ID Cliente recibido: 39 string
5/12/2025, 11:56:59 [info]: Calculando saldo total para el cliente 39
5/12/2025, 12:17:53 [info]: Received request for /api/insertrecibo
5/12/2025, 12:17:54 [info]: 📤 Datos que se enviarán a la BD (tabla pagos):
5/12/2025, 12:17:54 [info]: Query: 
        INSERT INTO pagos (idrecibo, fecha, formapago, banco, nro_pago, moneda, importe, vencimiento)
        VALUES ?
    
5/12/2025, 12:17:54 [info]: Valores: [
  [
    213,
    "2025-12-05",
    "CHQDOL",
    "bandes",
    "1",
    "UYU",
    "7511",
    "2025-12-05"
  ]
]
5/12/2025, 12:17:54 [info]: Recibo y pagos insertados correctamente
5/12/2025, 12:17:54 [info]: Actualizando factura 520 con idrecibo: 213
5/12/2025, 12:17:54 [info]: Datos recibidos para insertar en cuenta corriente:
5/12/2025, 12:17:54 [info]: idcliente: 39
5/12/2025, 12:17:54 [info]: fecha: 2025-12-05
5/12/2025, 12:17:54 [info]: tipodocumento: Recibo
5/12/2025, 12:17:54 [info]: numerorecibo: 85
5/12/2025, 12:17:54 [info]: moneda: UYU
5/12/2025, 12:17:54 [info]: debe: 0
5/12/2025, 12:17:54 [info]: haber: 7511
5/12/2025, 12:17:54 [info]: ImpactarRecibo endpoint alcanzado
5/12/2025, 12:17:54 [info]: ID RECIBIDO: 213
5/12/2025, 12:17:55 [info]: TOTAL FORMAS PAGO: 7511
5/12/2025, 12:17:55 [info]: TOTAL CANCELACIONES: 150.22
5/12/2025, 12:17:55 [info]: MONEDA A USAR: 2
5/12/2025, 12:17:55 [info]: COTIZACION CALCULADA: 50.000000
5/12/2025, 12:17:55 [info]: GENERANDO XML RECIBO: [object Object]
5/12/2025, 12:17:55 [info]: XML Generado RECIBO: <soapenv:Envelope xmlns:soapenv="http://schemas.xmlsoap.org/soap/envelope/" xmlns:soap="http://soap/">
   <soapenv:Header/>
   <soapenv:Body>
      <soap:agregarDocumentoFacturacion>
         <xmlParametros><![CDATA[
                <agregarDocumentoFacturacionParametros>
                <usuario>IT</usuario>
                <usuarioPassword>R3pr3m4r</usuarioPassword>
                <empresa>KI</empresa>
                    <documento>
                        <fechaDocumento>2025-12-05</fechaDocumento>
                        <tipoDocumento>RECVTAS</tipoDocumento>
                        <cliente>REP20</cliente>
                        <moneda>2</moneda>
                        <cotizacion>50.000000</cotizacion>
                        <fechaVencimiento>2025-12-05</fechaVencimiento>
                        <descripcion>Son pesos uruguayos $ ciento cincuenta  con veintidos centavos</descripcion>
                        <renglones>
	                        
    <renglon>
        <producto>REC</producto>
        <nombreProducto>Cancelación de Facturas</nombreProducto>
        <cantidad>1</cantidad>
        <precioUnitario>7511</precioUnitario>
    </renglon>

                        </renglones>
                        <cancelaciones>
                            
            <cancelacion>
                <rubroAfectado>113102</rubroAfectado>
                <tipoDocumentoAfectado>TCD</tipoDocumentoAfectado>
                <comprobanteAfectado>60060</comprobanteAfectado>
                <vencimientoAfectado>2025-10-07</vencimientoAfectado>
                <importe>150.22</importe>
            </cancelacion>
                        </cancelaciones>
                        <formasPago>
                            
    <formaPago>
        <formaPago>CHQPES</formaPago>
        <importe>7511.00</importe>
        <elemento1>CTA 01</elemento1>
        <tipoDocumento>DEP</tipoDocumento>
        <comprobante>1</comprobante>
        <vencimiento>2025-12-05</vencimiento>
    </formaPago>
                        </formasPago>
                    </documento>
                </agregarDocumentoFacturacionParametros>
            ]]></xmlParametros>
      </soap:agregarDocumentoFacturacion>
   </soapenv:Body>
</soapenv:Envelope>
5/12/2025, 12:17:55 [info]: Impactando Recibo, XML:  <soapenv:Envelope xmlns:soapenv="http://schemas.xmlsoap.org/soap/envelope/" xmlns:soap="http://soap/">
   <soapenv:Header/>
   <soapenv:Body>
      <soap:agregarDocumentoFacturacion>
         <xmlParametros><![CDATA[
                <agregarDocumentoFacturacionParametros>
                <usuario>IT</usuario>
                <usuarioPassword>R3pr3m4r</usuarioPassword>
                <empresa>KI</empresa>
                    <documento>
                        <fechaDocumento>2025-12-05</fechaDocumento>
                        <tipoDocumento>RECVTAS</tipoDocumento>
                        <cliente>REP20</cliente>
                        <moneda>2</moneda>
                        <cotizacion>50.000000</cotizacion>
                        <fechaVencimiento>2025-12-05</fechaVencimiento>
                        <descripcion>Son pesos uruguayos $ ciento cincuenta  con veintidos centavos</descripcion>
                        <renglones>
	                        
    <renglon>
        <producto>REC</producto>
        <nombreProducto>Cancelación de Facturas</nombreProducto>
        <cantidad>1</cantidad>
        <precioUnitario>7511</precioUnitario>
    </renglon>

                        </renglones>
                        <cancelaciones>
                            
            <cancelacion>
                <rubroAfectado>113102</rubroAfectado>
                <tipoDocumentoAfectado>TCD</tipoDocumentoAfectado>
                <comprobanteAfectado>60060</comprobanteAfectado>
                <vencimientoAfectado>2025-10-07</vencimientoAfectado>
                <importe>150.22</importe>
            </cancelacion>
                        </cancelaciones>
                        <formasPago>
                            
    <formaPago>
        <formaPago>CHQPES</formaPago>
        <importe>7511.00</importe>
        <elemento1>CTA 01</elemento1>
        <tipoDocumento>DEP</tipoDocumento>
        <comprobante>1</comprobante>
        <vencimiento>2025-12-05</vencimiento>
    </formaPago>
                        </formasPago>
                    </documento>
                </agregarDocumentoFacturacionParametros>
            ]]></xmlParametros>
      </soap:agregarDocumentoFacturacion>
   </soapenv:Body>
</soapenv:Envelope>
5/12/2025, 12:17:55 [info]: Datos recibidos: [object Object]
5/12/2025, 12:22:15 [info]: Received request for /api/historialfac/39
5/12/2025, 12:22:15 [info]: 🟢 ID Cliente recibido: 39 string
5/12/2025, 12:22:15 [info]: Calculando saldo total para el cliente 39
5/12/2025, 12:22:53 [info]: Received request for /api/insertrecibo
5/12/2025, 12:22:53 [info]: 📤 Datos que se enviarán a la BD (tabla pagos):
5/12/2025, 12:22:53 [info]: Query: 
        INSERT INTO pagos (idrecibo, fecha, formapago, banco, nro_pago, moneda, importe, vencimiento)
        VALUES ?
    
5/12/2025, 12:22:53 [info]: Valores: [
  [
    214,
    "2025-12-05",
    "CHQDOL",
    "bandes",
    "1",
    "UYU",
    "1200",
    "2025-12-05"
  ]
]
5/12/2025, 12:22:53 [info]: Recibo y pagos insertados correctamente
5/12/2025, 12:22:53 [info]: Actualizando factura 522 con idrecibo: 214
5/12/2025, 12:22:54 [info]: Datos recibidos para insertar en cuenta corriente:
5/12/2025, 12:22:54 [info]: idcliente: 39
5/12/2025, 12:22:54 [info]: fecha: 2025-12-05
5/12/2025, 12:22:54 [info]: tipodocumento: Recibo
5/12/2025, 12:22:54 [info]: numerorecibo: 86
5/12/2025, 12:22:54 [info]: moneda: UYU
5/12/2025, 12:22:54 [info]: debe: 0
5/12/2025, 12:22:54 [info]: haber: 1200
5/12/2025, 12:22:54 [info]: ImpactarRecibo endpoint alcanzado
5/12/2025, 12:22:54 [info]: ID RECIBIDO: 214
5/12/2025, 12:22:54 [info]: TOTAL FORMAS PAGO: 1200
5/12/2025, 12:22:54 [info]: TOTAL CANCELACIONES: 24
5/12/2025, 12:22:54 [info]: MONEDA A USAR: 2
5/12/2025, 12:22:54 [info]: COTIZACION CALCULADA: 50.000000
5/12/2025, 12:22:54 [info]: GENERANDO XML RECIBO: [object Object]
5/12/2025, 12:22:54 [info]: XML Generado RECIBO: <soapenv:Envelope xmlns:soapenv="http://schemas.xmlsoap.org/soap/envelope/" xmlns:soap="http://soap/">
   <soapenv:Header/>
   <soapenv:Body>
      <soap:agregarDocumentoFacturacion>
         <xmlParametros><![CDATA[
                <agregarDocumentoFacturacionParametros>
                <usuario>IT</usuario>
                <usuarioPassword>R3pr3m4r</usuarioPassword>
                <empresa>KI</empresa>
                    <documento>
                        <fechaDocumento>2025-12-05</fechaDocumento>
                        <tipoDocumento>RECVTAS</tipoDocumento>
                        <cliente>REP20</cliente>
                        <moneda>2</moneda>
                        <cotizacion>50.000000</cotizacion>
                        <fechaVencimiento>2025-12-05</fechaVencimiento>
                        <descripcion>Son pesos uruguayos $ veinticuatro  </descripcion>
                        <renglones>
	                        
    <renglon>
        <producto>REC</producto>
        <nombreProducto>Cancelación de Facturas</nombreProducto>
        <cantidad>1</cantidad>
        <precioUnitario>1200</precioUnitario>
    </renglon>

                        </renglones>
                        <cancelaciones>
                            
            <cancelacion>
                <rubroAfectado>113102</rubroAfectado>
                <tipoDocumentoAfectado>TCA</tipoDocumentoAfectado>
                <comprobanteAfectado>50032</comprobanteAfectado>
                <vencimientoAfectado>2025-10-07</vencimientoAfectado>
                <importe>24.00</importe>
            </cancelacion>
                        </cancelaciones>
                        <formasPago>
                            
    <formaPago>
        <formaPago>CHQPES</formaPago>
        <importe>1200.00</importe>
        <elemento1>CTA 01</elemento1>
        <tipoDocumento>DEP</tipoDocumento>
        <comprobante>1</comprobante>
        <vencimiento>2025-12-05</vencimiento>
    </formaPago>
                        </formasPago>
                    </documento>
                </agregarDocumentoFacturacionParametros>
            ]]></xmlParametros>
      </soap:agregarDocumentoFacturacion>
   </soapenv:Body>
</soapenv:Envelope>
5/12/2025, 12:22:54 [info]: Impactando Recibo, XML:  <soapenv:Envelope xmlns:soapenv="http://schemas.xmlsoap.org/soap/envelope/" xmlns:soap="http://soap/">
   <soapenv:Header/>
   <soapenv:Body>
      <soap:agregarDocumentoFacturacion>
         <xmlParametros><![CDATA[
                <agregarDocumentoFacturacionParametros>
                <usuario>IT</usuario>
                <usuarioPassword>R3pr3m4r</usuarioPassword>
                <empresa>KI</empresa>
                    <documento>
                        <fechaDocumento>2025-12-05</fechaDocumento>
                        <tipoDocumento>RECVTAS</tipoDocumento>
                        <cliente>REP20</cliente>
                        <moneda>2</moneda>
                        <cotizacion>50.000000</cotizacion>
                        <fechaVencimiento>2025-12-05</fechaVencimiento>
                        <descripcion>Son pesos uruguayos $ veinticuatro  </descripcion>
                        <renglones>
	                        
    <renglon>
        <producto>REC</producto>
        <nombreProducto>Cancelación de Facturas</nombreProducto>
        <cantidad>1</cantidad>
        <precioUnitario>1200</precioUnitario>
    </renglon>

                        </renglones>
                        <cancelaciones>
                            
            <cancelacion>
                <rubroAfectado>113102</rubroAfectado>
                <tipoDocumentoAfectado>TCA</tipoDocumentoAfectado>
                <comprobanteAfectado>50032</comprobanteAfectado>
                <vencimientoAfectado>2025-10-07</vencimientoAfectado>
                <importe>24.00</importe>
            </cancelacion>
                        </cancelaciones>
                        <formasPago>
                            
    <formaPago>
        <formaPago>CHQPES</formaPago>
        <importe>1200.00</importe>
        <elemento1>CTA 01</elemento1>
        <tipoDocumento>DEP</tipoDocumento>
        <comprobante>1</comprobante>
        <vencimiento>2025-12-05</vencimiento>
    </formaPago>
                        </formasPago>
                    </documento>
                </agregarDocumentoFacturacionParametros>
            ]]></xmlParametros>
      </soap:agregarDocumentoFacturacion>
   </soapenv:Body>
</soapenv:Envelope>
5/12/2025, 12:22:55 [info]: Datos recibidos: [object Object]
5/12/2025, 12:23:52 [info]: Received request for /api/historialfac/10
5/12/2025, 12:23:52 [info]: 🟢 ID Cliente recibido: 10 string
5/12/2025, 12:23:52 [info]: Calculando saldo total para el cliente 10
5/12/2025, 12:23:52 [info]: No hay facturas emitidas para este cliente
5/12/2025, 12:24:08 [info]: Received request for /api/historialfac/39
5/12/2025, 12:24:08 [info]: 🟢 ID Cliente recibido: 39 string
5/12/2025, 12:24:08 [info]: Calculando saldo total para el cliente 39
5/12/2025, 12:24:29 [info]: Received request for /api/insertrecibo
5/12/2025, 12:24:29 [info]: 📤 Datos que se enviarán a la BD (tabla pagos):
5/12/2025, 12:24:29 [info]: Query: 
        INSERT INTO pagos (idrecibo, fecha, formapago, banco, nro_pago, moneda, importe, vencimiento)
        VALUES ?
    
5/12/2025, 12:24:29 [info]: Valores: [
  [
    215,
    "2025-12-05",
    "CHQDOL",
    "banqueheritage",
    "1",
    "UYU",
    "450",
    "2025-12-05"
  ]
]
5/12/2025, 12:24:29 [info]: Recibo y pagos insertados correctamente
5/12/2025, 12:24:29 [info]: Actualizando factura 457 con idrecibo: 215
5/12/2025, 12:24:30 [info]: Datos recibidos para insertar en cuenta corriente:
5/12/2025, 12:24:30 [info]: idcliente: 39
5/12/2025, 12:24:30 [info]: fecha: 2025-12-05
5/12/2025, 12:24:30 [info]: tipodocumento: Recibo
5/12/2025, 12:24:30 [info]: numerorecibo: 87
5/12/2025, 12:24:30 [info]: moneda: UYU
5/12/2025, 12:24:30 [info]: debe: 0
5/12/2025, 12:24:30 [info]: haber: 450
5/12/2025, 12:24:30 [info]: ImpactarRecibo endpoint alcanzado
5/12/2025, 12:24:30 [info]: ID RECIBIDO: 215
5/12/2025, 12:24:30 [info]: TOTAL FORMAS PAGO: 450
5/12/2025, 12:24:30 [info]: TOTAL CANCELACIONES: 9
5/12/2025, 12:24:30 [info]: MONEDA A USAR: 2
5/12/2025, 12:24:30 [info]: COTIZACION CALCULADA: 50.000000
5/12/2025, 12:24:30 [info]: GENERANDO XML RECIBO: [object Object]
5/12/2025, 12:24:30 [info]: XML Generado RECIBO: <soapenv:Envelope xmlns:soapenv="http://schemas.xmlsoap.org/soap/envelope/" xmlns:soap="http://soap/">
   <soapenv:Header/>
   <soapenv:Body>
      <soap:agregarDocumentoFacturacion>
         <xmlParametros><![CDATA[
                <agregarDocumentoFacturacionParametros>
                <usuario>IT</usuario>
                <usuarioPassword>R3pr3m4r</usuarioPassword>
                <empresa>KI</empresa>
                    <documento>
                        <fechaDocumento>2025-12-05</fechaDocumento>
                        <tipoDocumento>RECVTAS</tipoDocumento>
                        <cliente>REP20</cliente>
                        <moneda>2</moneda>
                        <cotizacion>50.000000</cotizacion>
                        <fechaVencimiento>2025-12-05</fechaVencimiento>
                        <descripcion>Son pesos uruguayos $ nueve  </descripcion>
                        <renglones>
	                        
    <renglon>
        <producto>REC</producto>
        <nombreProducto>Cancelación de Facturas</nombreProducto>
        <cantidad>1</cantidad>
        <precioUnitario>450</precioUnitario>
    </renglon>

                        </renglones>
                        <cancelaciones>
                            
            <cancelacion>
                <rubroAfectado>113102</rubroAfectado>
                <tipoDocumentoAfectado>FCA</tipoDocumentoAfectado>
                <comprobanteAfectado>40044</comprobanteAfectado>
                <vencimientoAfectado>2025-10-06</vencimientoAfectado>
                <importe>9.00</importe>
            </cancelacion>
                        </cancelaciones>
                        <formasPago>
                            
    <formaPago>
        <formaPago>CHQPES</formaPago>
        <importe>450.00</importe>
        <elemento1>CTA 01</elemento1>
        <tipoDocumento>DEP</tipoDocumento>
        <comprobante>1</comprobante>
        <vencimiento>2025-12-05</vencimiento>
    </formaPago>
                        </formasPago>
                    </documento>
                </agregarDocumentoFacturacionParametros>
            ]]></xmlParametros>
      </soap:agregarDocumentoFacturacion>
   </soapenv:Body>
</soapenv:Envelope>
5/12/2025, 12:24:30 [info]: Impactando Recibo, XML:  <soapenv:Envelope xmlns:soapenv="http://schemas.xmlsoap.org/soap/envelope/" xmlns:soap="http://soap/">
   <soapenv:Header/>
   <soapenv:Body>
      <soap:agregarDocumentoFacturacion>
         <xmlParametros><![CDATA[
                <agregarDocumentoFacturacionParametros>
                <usuario>IT</usuario>
                <usuarioPassword>R3pr3m4r</usuarioPassword>
                <empresa>KI</empresa>
                    <documento>
                        <fechaDocumento>2025-12-05</fechaDocumento>
                        <tipoDocumento>RECVTAS</tipoDocumento>
                        <cliente>REP20</cliente>
                        <moneda>2</moneda>
                        <cotizacion>50.000000</cotizacion>
                        <fechaVencimiento>2025-12-05</fechaVencimiento>
                        <descripcion>Son pesos uruguayos $ nueve  </descripcion>
                        <renglones>
	                        
    <renglon>
        <producto>REC</producto>
        <nombreProducto>Cancelación de Facturas</nombreProducto>
        <cantidad>1</cantidad>
        <precioUnitario>450</precioUnitario>
    </renglon>

                        </renglones>
                        <cancelaciones>
                            
            <cancelacion>
                <rubroAfectado>113102</rubroAfectado>
                <tipoDocumentoAfectado>FCA</tipoDocumentoAfectado>
                <comprobanteAfectado>40044</comprobanteAfectado>
                <vencimientoAfectado>2025-10-06</vencimientoAfectado>
                <importe>9.00</importe>
            </cancelacion>
                        </cancelaciones>
                        <formasPago>
                            
    <formaPago>
        <formaPago>CHQPES</formaPago>
        <importe>450.00</importe>
        <elemento1>CTA 01</elemento1>
        <tipoDocumento>DEP</tipoDocumento>
        <comprobante>1</comprobante>
        <vencimiento>2025-12-05</vencimiento>
    </formaPago>
                        </formasPago>
                    </documento>
                </agregarDocumentoFacturacionParametros>
            ]]></xmlParametros>
      </soap:agregarDocumentoFacturacion>
   </soapenv:Body>
</soapenv:Envelope>
5/12/2025, 12:24:31 [info]: Datos recibidos: [object Object]
5/12/2025, 12:27:31 [info]: Server running on port 5001
5/12/2025, 12:27:32 [info]: Conexión exitosa a la base de datos MySQL
5/12/2025, 12:27:36 [info]: Received request for /api/historialfac/39
5/12/2025, 12:27:36 [info]: 🟢 ID Cliente recibido: 39 string
5/12/2025, 12:27:36 [info]: Calculando saldo total para el cliente 39
5/12/2025, 12:28:00 [info]: Received request for /api/insertrecibo
5/12/2025, 12:28:01 [info]: 📤 Datos que se enviarán a la BD (tabla pagos):
5/12/2025, 12:28:01 [info]: Query: 
        INSERT INTO pagos (idrecibo, fecha, formapago, banco, nro_pago, moneda, importe, vencimiento)
        VALUES ?
    
5/12/2025, 12:28:01 [info]: Valores: [
  [
    216,
    "2025-12-05",
    "EFEDOL",
    "bbva",
    "1",
    "UYU",
    "60",
    "2025-12-05"
  ]
]
5/12/2025, 12:28:01 [info]: Recibo y pagos insertados correctamente
5/12/2025, 12:28:01 [info]: Actualizando factura 453 con idrecibo: 216
5/12/2025, 12:28:01 [info]: Datos recibidos para insertar en cuenta corriente:
5/12/2025, 12:28:01 [info]: idcliente: 39
5/12/2025, 12:28:01 [info]: fecha: 2025-12-05
5/12/2025, 12:28:01 [info]: tipodocumento: Recibo
5/12/2025, 12:28:01 [info]: numerorecibo: 88
5/12/2025, 12:28:01 [info]: moneda: UYU
5/12/2025, 12:28:01 [info]: debe: 0
5/12/2025, 12:28:01 [info]: haber: 60
5/12/2025, 12:28:01 [info]: ImpactarRecibo endpoint alcanzado
5/12/2025, 12:28:01 [info]: ID RECIBIDO: 216
5/12/2025, 12:28:02 [info]: TOTAL FORMAS PAGO: 60
5/12/2025, 12:28:02 [info]: TOTAL CANCELACIONES: 1
5/12/2025, 12:28:02 [info]: MONEDA A USAR: 2
5/12/2025, 12:28:02 [info]: COTIZACION CALCULADA: 60.000000
5/12/2025, 12:28:02 [info]: GENERANDO XML RECIBO: [object Object]
5/12/2025, 12:28:02 [info]: XML Generado RECIBO: <soapenv:Envelope xmlns:soapenv="http://schemas.xmlsoap.org/soap/envelope/" xmlns:soap="http://soap/">
   <soapenv:Header/>
   <soapenv:Body>
      <soap:agregarDocumentoFacturacion>
         <xmlParametros><![CDATA[
                <agregarDocumentoFacturacionParametros>
                <usuario>IT</usuario>
                <usuarioPassword>R3pr3m4r</usuarioPassword>
                <empresa>KI</empresa>
                    <documento>
                        <fechaDocumento>2025-12-05</fechaDocumento>
                        <tipoDocumento>RECVTAS</tipoDocumento>
                        <cliente>REP20</cliente>
                        <moneda>2</moneda>
                        <cotizacion>60.000000</cotizacion>
                        <fechaVencimiento>2025-12-05</fechaVencimiento>
                        <descripcion>Son pesos uruguayos $ uno  </descripcion>
                        <renglones>
	                        
    <renglon>
        <producto>REC</producto>
        <nombreProducto>Cancelación de Facturas</nombreProducto>
        <cantidad>1</cantidad>
        <precioUnitario>60</precioUnitario>
    </renglon>

                        </renglones>
                        <cancelaciones>
                            
            <cancelacion>
                <rubroAfectado>113102</rubroAfectado>
                <tipoDocumentoAfectado>FCA</tipoDocumentoAfectado>
                <comprobanteAfectado>40042</comprobanteAfectado>
                <vencimientoAfectado>2025-09-01</vencimientoAfectado>
                <importe>1.00</importe>
            </cancelacion>
                        </cancelaciones>
                        <formasPago>
                            
    <formaPago>
        <formaPago>EFEPES</formaPago>
        <importe>60.00</importe>
    </formaPago>
                        </formasPago>
                    </documento>
                </agregarDocumentoFacturacionParametros>
            ]]></xmlParametros>
      </soap:agregarDocumentoFacturacion>
   </soapenv:Body>
</soapenv:Envelope>
5/12/2025, 12:28:02 [info]: Impactando Recibo, XML:  <soapenv:Envelope xmlns:soapenv="http://schemas.xmlsoap.org/soap/envelope/" xmlns:soap="http://soap/">
   <soapenv:Header/>
   <soapenv:Body>
      <soap:agregarDocumentoFacturacion>
         <xmlParametros><![CDATA[
                <agregarDocumentoFacturacionParametros>
                <usuario>IT</usuario>
                <usuarioPassword>R3pr3m4r</usuarioPassword>
                <empresa>KI</empresa>
                    <documento>
                        <fechaDocumento>2025-12-05</fechaDocumento>
                        <tipoDocumento>RECVTAS</tipoDocumento>
                        <cliente>REP20</cliente>
                        <moneda>2</moneda>
                        <cotizacion>60.000000</cotizacion>
                        <fechaVencimiento>2025-12-05</fechaVencimiento>
                        <descripcion>Son pesos uruguayos $ uno  </descripcion>
                        <renglones>
	                        
    <renglon>
        <producto>REC</producto>
        <nombreProducto>Cancelación de Facturas</nombreProducto>
        <cantidad>1</cantidad>
        <precioUnitario>60</precioUnitario>
    </renglon>

                        </renglones>
                        <cancelaciones>
                            
            <cancelacion>
                <rubroAfectado>113102</rubroAfectado>
                <tipoDocumentoAfectado>FCA</tipoDocumentoAfectado>
                <comprobanteAfectado>40042</comprobanteAfectado>
                <vencimientoAfectado>2025-09-01</vencimientoAfectado>
                <importe>1.00</importe>
            </cancelacion>
                        </cancelaciones>
                        <formasPago>
                            
    <formaPago>
        <formaPago>EFEPES</formaPago>
        <importe>60.00</importe>
    </formaPago>
                        </formasPago>
                    </documento>
                </agregarDocumentoFacturacionParametros>
            ]]></xmlParametros>
      </soap:agregarDocumentoFacturacion>
   </soapenv:Body>
</soapenv:Envelope>
5/12/2025, 12:28:02 [info]: Datos recibidos: [object Object]
5/12/2025, 12:29:52 [info]: Server running on port 5001
5/12/2025, 12:29:53 [info]: Conexión exitosa a la base de datos MySQL
5/12/2025, 12:29:58 [info]: Received request for /api/historialfac/39
5/12/2025, 12:29:58 [info]: 🟢 ID Cliente recibido: 39 string
5/12/2025, 12:29:58 [info]: Calculando saldo total para el cliente 39
5/12/2025, 12:30:25 [info]: Received request for /api/insertrecibo
5/12/2025, 12:30:26 [info]: 📤 Datos que se enviarán a la BD (tabla pagos):
5/12/2025, 12:30:26 [info]: Query: 
        INSERT INTO pagos (idrecibo, fecha, formapago, banco, nro_pago, moneda, importe, vencimiento)
        VALUES ?
    
5/12/2025, 12:30:26 [info]: Valores: [
  [
    217,
    "2025-12-05",
    "CHQDOL",
    "bandes",
    "1",
    "UYU",
    "32560",
    "2025-12-05"
  ]
]
5/12/2025, 12:30:26 [info]: Recibo y pagos insertados correctamente
5/12/2025, 12:30:26 [info]: Actualizando factura 513 con idrecibo: 217
5/12/2025, 12:30:26 [info]: Datos recibidos para insertar en cuenta corriente:
5/12/2025, 12:30:26 [info]: idcliente: 39
5/12/2025, 12:30:26 [info]: fecha: 2025-12-05
5/12/2025, 12:30:26 [info]: tipodocumento: Recibo
5/12/2025, 12:30:26 [info]: numerorecibo: 89
5/12/2025, 12:30:26 [info]: moneda: UYU
5/12/2025, 12:30:26 [info]: debe: 0
5/12/2025, 12:30:26 [info]: haber: 32560
5/12/2025, 12:30:26 [info]: ImpactarRecibo endpoint alcanzado
5/12/2025, 12:30:26 [info]: ID RECIBIDO: 217
5/12/2025, 12:30:27 [info]: TOTAL FORMAS PAGO: 32560
5/12/2025, 12:30:27 [info]: TOTAL CANCELACIONES: 814
5/12/2025, 12:30:27 [info]: MONEDA A USAR: 2
5/12/2025, 12:30:27 [info]: GENERANDO XML RECIBO: [object Object]
5/12/2025, 12:30:27 [info]: XML Generado RECIBO: <soapenv:Envelope xmlns:soapenv="http://schemas.xmlsoap.org/soap/envelope/" xmlns:soap="http://soap/">
   <soapenv:Header/>
   <soapenv:Body>
      <soap:agregarDocumentoFacturacion>
         <xmlParametros><![CDATA[
                <agregarDocumentoFacturacionParametros>
                <usuario>IT</usuario>
                <usuarioPassword>R3pr3m4r</usuarioPassword>
                <empresa>KI</empresa>
                    <documento>
                        <fechaDocumento>2025-12-05</fechaDocumento>
                        <tipoDocumento>RECVTAS</tipoDocumento>
                        <cliente>REP20</cliente>
                        <moneda>2</moneda>
                        
                        <fechaVencimiento>2025-12-05</fechaVencimiento>
                        <descripcion>Son dólares americanos U$S ochocientos catorce  </descripcion>
                        <renglones>
	                        
    <renglon>
        <producto>REC</producto>
        <nombreProducto>Cancelación de Facturas</nombreProducto>
        <cantidad>1</cantidad>
        <precioUnitario>32560</precioUnitario>
    </renglon>

                        </renglones>
                        <cancelaciones>
                            
            <cancelacion>
                <rubroAfectado>113102</rubroAfectado>
                <tipoDocumentoAfectado>FCA</tipoDocumentoAfectado>
                <comprobanteAfectado>40064</comprobanteAfectado>
                <vencimientoAfectado>2025-10-07</vencimientoAfectado>
                <importe>814.00</importe>
            </cancelacion>
                        </cancelaciones>
                        <formasPago>
                            
    <formaPago>
        <formaPago>CHQDOL</formaPago>
        <importe>32560.00</importe>
        <elemento1>CTA 01</elemento1>
        <tipoDocumento>DEP</tipoDocumento>
        <comprobante>1</comprobante>
        <vencimiento>2025-12-05</vencimiento>
    </formaPago>
                        </formasPago>
                    </documento>
                </agregarDocumentoFacturacionParametros>
            ]]></xmlParametros>
      </soap:agregarDocumentoFacturacion>
   </soapenv:Body>
</soapenv:Envelope>
5/12/2025, 12:30:27 [info]: Impactando Recibo, XML:  <soapenv:Envelope xmlns:soapenv="http://schemas.xmlsoap.org/soap/envelope/" xmlns:soap="http://soap/">
   <soapenv:Header/>
   <soapenv:Body>
      <soap:agregarDocumentoFacturacion>
         <xmlParametros><![CDATA[
                <agregarDocumentoFacturacionParametros>
                <usuario>IT</usuario>
                <usuarioPassword>R3pr3m4r</usuarioPassword>
                <empresa>KI</empresa>
                    <documento>
                        <fechaDocumento>2025-12-05</fechaDocumento>
                        <tipoDocumento>RECVTAS</tipoDocumento>
                        <cliente>REP20</cliente>
                        <moneda>2</moneda>
                        
                        <fechaVencimiento>2025-12-05</fechaVencimiento>
                        <descripcion>Son dólares americanos U$S ochocientos catorce  </descripcion>
                        <renglones>
	                        
    <renglon>
        <producto>REC</producto>
        <nombreProducto>Cancelación de Facturas</nombreProducto>
        <cantidad>1</cantidad>
        <precioUnitario>32560</precioUnitario>
    </renglon>

                        </renglones>
                        <cancelaciones>
                            
            <cancelacion>
                <rubroAfectado>113102</rubroAfectado>
                <tipoDocumentoAfectado>FCA</tipoDocumentoAfectado>
                <comprobanteAfectado>40064</comprobanteAfectado>
                <vencimientoAfectado>2025-10-07</vencimientoAfectado>
                <importe>814.00</importe>
            </cancelacion>
                        </cancelaciones>
                        <formasPago>
                            
    <formaPago>
        <formaPago>CHQDOL</formaPago>
        <importe>32560.00</importe>
        <elemento1>CTA 01</elemento1>
        <tipoDocumento>DEP</tipoDocumento>
        <comprobante>1</comprobante>
        <vencimiento>2025-12-05</vencimiento>
    </formaPago>
                        </formasPago>
                    </documento>
                </agregarDocumentoFacturacionParametros>
            ]]></xmlParametros>
      </soap:agregarDocumentoFacturacion>
   </soapenv:Body>
</soapenv:Envelope>
5/12/2025, 12:30:27 [info]: Datos recibidos: [object Object]
